Log file open, 01/02/19 06:28:52
LogWindows: Failed to load 'aqProf.dll' (GetLastError=126)
LogWindows: File 'aqProf.dll' does not exist
LogWindows: Failed to load 'VtuneApi.dll' (GetLastError=126)
LogWindows: File 'VtuneApi.dll' does not exist
LogWindows: Failed to load 'VtuneApi32e.dll' (GetLastError=126)
LogWindows: File 'VtuneApi32e.dll' does not exist
LogConsoleResponse: Display: Failed to find resolution value strings in scalability ini. Falling back to default.
LogInit: Display: Running engine for game: Pralind
LogPakFile: Registered encryption key '00000000000000000000000000000000': 0 pak files mounted, 0 remain pending
LogPlatformFile: Not using cached read wrapper
LogTaskGraph: Started task graph with 5 named threads and 23 total threads with 3 sets of task threads.
LogStats: Stats thread started at 0.352147
LogD3D11RHI: Loaded GFSDK_Aftermath_Lib.x64.dll
LogICUInternationalization: ICU TimeZone Detection - Raw Offset: +1:00, Platform Override: ''
LogPluginManager: Mounting plugin Paper2D
LogPluginManager: Mounting plugin AdvancedSessions
LogPluginManager: Mounting plugin AdvancedSteamSessions
LogPluginManager: Mounting plugin AISupport
LogPluginManager: Mounting plugin LightPropagationVolume
LogPluginManager: Mounting plugin ActorLayerUtilities
LogPluginManager: Mounting plugin CLionSourceCodeAccess
LogPluginManager: Mounting plugin CodeLiteSourceCodeAccess
LogPluginManager: Mounting plugin GitSourceControl
LogPluginManager: Mounting plugin KDevelopSourceCodeAccess
LogPluginManager: Mounting plugin NullSourceCodeAccess
LogPluginManager: Mounting plugin PerforceSourceControl
LogPluginManager: Mounting plugin SubversionSourceControl
LogPluginManager: Mounting plugin UObjectPlugin
LogPluginManager: Mounting plugin VisualStudioCodeSourceCodeAccess
LogPluginManager: Mounting plugin VisualStudioSourceCodeAccess
LogPluginManager: Mounting plugin XCodeSourceCodeAccess
LogPluginManager: Mounting plugin AssetManagerEditor
LogPluginManager: Mounting plugin CryptoKeys
LogPluginManager: Mounting plugin DataValidation
LogPluginManager: Mounting plugin FacialAnimation
LogPluginManager: Mounting plugin GameplayTagsEditor
LogPluginManager: Mounting plugin MacGraphicsSwitching
LogPluginManager: Mounting plugin MeshEditor
LogPluginManager: Mounting plugin MobileLauncherProfileWizard
LogPluginManager: Mounting plugin PluginBrowser
LogPluginManager: Mounting plugin SpeedTreeImporter
LogPluginManager: Mounting plugin DatasmithContent
LogPluginManager: Mounting plugin VariantManagerContent
LogPluginManager: Mounting plugin AlembicImporter
LogPluginManager: Mounting plugin AppleImageUtils
LogPluginManager: Mounting plugin AppleVision
LogPluginManager: Mounting plugin BackChannel
LogPluginManager: Mounting plugin CharacterAI
LogPluginManager: Mounting plugin GeometryCache
LogPluginManager: Mounting plugin HTML5Networking
LogPluginManager: Mounting plugin ProxyLODPlugin
LogPluginManager: Mounting plugin MagicLeap
LogPluginManager: Mounting plugin MagicLeapMedia
LogPluginManager: Mounting plugin AndroidMedia
LogPluginManager: Mounting plugin AvfMedia
LogPluginManager: Mounting plugin ImgMedia
LogPluginManager: Mounting plugin LinearTimecode
LogPluginManager: Mounting plugin MediaCompositing
LogPluginManager: Mounting plugin MediaPlayerEditor
LogPluginManager: Mounting plugin WebMMedia
LogPluginManager: Mounting plugin WmfMedia
LogPluginManager: Mounting plugin TcpMessaging
LogPluginManager: Mounting plugin UdpMessaging
LogPluginManager: Mounting plugin ActorSequence
LogPluginManager: Mounting plugin LevelSequenceEditor
LogPluginManager: Mounting plugin MatineeToLevelSequence
LogPluginManager: Mounting plugin NetcodeUnitTest
LogPluginManager: Mounting plugin NUTUnrealEngine4
LogPluginManager: Mounting plugin OnlineSubsystemGooglePlay
LogPluginManager: Mounting plugin OnlineSubsystemIOS
LogPluginManager: Mounting plugin OnlineSubsystem
LogPluginManager: Mounting plugin OnlineSubsystemNull
LogPluginManager: Mounting plugin OnlineSubsystemSteam
LogPluginManager: Mounting plugin OnlineSubsystemUtils
LogPluginManager: Mounting plugin LauncherChunkInstaller
LogPluginManager: Mounting plugin AndroidDeviceProfileSelector
LogPluginManager: Mounting plugin AndroidMoviePlayer
LogPluginManager: Mounting plugin AndroidPermission
LogPluginManager: Mounting plugin AppleMoviePlayer
LogPluginManager: Mounting plugin ArchVisCharacter
LogPluginManager: Mounting plugin AudioCapture
LogPluginManager: Mounting plugin CableComponent
LogPluginManager: Mounting plugin CustomMeshComponent
LogPluginManager: Mounting plugin EditableMesh
LogPluginManager: Mounting plugin ExampleDeviceProfileSelector
LogPluginManager: Mounting plugin Firebase
LogPluginManager: Mounting plugin GoogleCloudMessaging
LogPluginManager: Mounting plugin IOSDeviceProfileSelector
LogPluginManager: Mounting plugin LinuxDeviceProfileSelector
LogPluginManager: Mounting plugin LocationServicesBPLibrary
LogPluginManager: Mounting plugin MobilePatchingUtils
LogPluginManager: Mounting plugin OculusVR
LogPluginManager: Mounting plugin PhysXVehicles
LogPluginManager: Mounting plugin ProceduralMeshComponent
LogPluginManager: Mounting plugin RuntimePhysXCooking
LogPluginManager: Mounting plugin SteamVR
LogPluginManager: Mounting plugin WebMMoviePlayer
LogPluginManager: Mounting plugin WindowsMoviePlayer
LogStreaming: Display: Took  0.095s to configure plugins.
LogInit: Using libcurl 7.55.1-DEV
LogInit:  - built for x86_64-pc-win32
LogInit:  - supports SSL with OpenSSL/1.0.2h
LogInit:  - supports HTTP deflate (compression) using libz 1.2.8
LogInit:  - other features:
LogInit:      CURL_VERSION_SSL
LogInit:      CURL_VERSION_LIBZ
LogInit:      CURL_VERSION_IPV6
LogInit:      CURL_VERSION_ASYNCHDNS
LogInit:      CURL_VERSION_LARGEFILE
LogInit:      CURL_VERSION_IDN
LogInit:  CurlRequestOptions (configurable via config and command line):
LogInit:  - bVerifyPeer = true  - Libcurl will verify peer certificate
LogInit:  - bUseHttpProxy = false  - Libcurl will NOT use HTTP proxy
LogInit:  - bDontReuseConnections = false  - Libcurl will reuse connections
LogInit:  - MaxHostConnections = 16  - Libcurl will limit the number of connections to a host
LogInit:  - LocalHostAddr = Default
LogInit:  - BufferSize = 65536
LogOnline: Display: STEAM: Loading Steam SDK 1.39
LogOnline: STEAM: Steam User is subscribed 1
LogOnline: STEAM: [AppId: 480] Client API initialized 1
LogOnline: STEAM: [AppId: 480] Game Server API initialized 1
LogInit: WinSock: version 1.1 (2.2), MaxSocks=32767, MaxUdp=65467
LogInit: Build: ++UE4+Release-4.21-CL-4613538
LogInit: Engine Version: 4.21.1-4613538+++UE4+Release-4.21
LogInit: Compatible Engine Version: 4.21.0-4541578+++UE4+Release-4.21
LogInit: Net CL: 4541578
LogInit: OS: Windows 10 (), CPU:         Intel(R) Core(TM) i7-3820 CPU @ 3.60GHz, GPU: NVIDIA GeForce GTX 1050 Ti
LogInit: Compiled (64-bit): Nov 30 2018 04:13:25
LogInit: Compiled with Visual C++: 19.13.26129.00
LogInit: Build Configuration: Development
LogInit: Branch Name: ++UE4+Release-4.21
LogInit: Command Line:  /Game/Maps/Menu_Map -game -PIEVIACONSOLE -ResX=1280 -ResY=720 -Multiprocess -messaging -SessionName="Play in Standalone Game" -windowed
LogInit: Base Directory: D:/UE/UE_4.21/Engine/Binaries/Win64/
LogInit: Installed Engine Build: 1
LogDevObjectVersion: Number of dev versions registered: 22
LogDevObjectVersion:   Dev-Blueprints (B0D832E4-1F89-4F0D-ACCF-7EB736FD4AA2): 10
LogDevObjectVersion:   Dev-Build (E1C64328-A22C-4D53-A36C-8E866417BD8C): 0
LogDevObjectVersion:   Dev-Core (375EC13C-06E4-48FB-B500-84F0262A717E): 2
LogDevObjectVersion:   Dev-Editor (E4B068ED-F494-42E9-A231-DA0B2E46BB41): 26
LogDevObjectVersion:   Dev-Framework (CFFC743F-43B0-4480-9391-14DF171D2073): 34
LogDevObjectVersion:   Dev-Mobile (B02B49B5-BB20-44E9-A304-32B752E40360): 2
LogDevObjectVersion:   Dev-Networking (A4E4105C-59A1-49B5-A7C5-40C4547EDFEE): 0
LogDevObjectVersion:   Dev-Online (39C831C9-5AE6-47DC-9A44-9C173E1C8E7C): 0
LogDevObjectVersion:   Dev-Physics (78F01B33-EBEA-4F98-B9B4-84EACCB95AA2): 0
LogDevObjectVersion:   Dev-Platform (6631380F-2D4D-43E0-8009-CF276956A95A): 0
LogDevObjectVersion:   Dev-Rendering (12F88B9F-8875-4AFC-A67C-D90C383ABD29): 27
LogDevObjectVersion:   Dev-Sequencer (7B5AE74C-D270-4C10-A958-57980B212A5A): 9
LogDevObjectVersion:   Dev-VR (D7296918-1DD6-4BDD-9DE2-64A83CC13884): 2
LogDevObjectVersion:   Dev-LoadTimes (C2A15278-BFE7-4AFE-6C17-90FF531DF755): 1
LogDevObjectVersion:   Private-Geometry (6EACA3D4-40EC-4CC1-B786-8BED09428FC5): 3
LogDevObjectVersion:   Dev-AnimPhys (29E575DD-E0A3-4627-9D10-D276232CDCEA): 17
LogDevObjectVersion:   Dev-Anim (AF43A65D-7FD3-4947-9873-3E8ED9C1BB05): 2
LogDevObjectVersion:   Dev-ReflectionCapture (6B266CEC-1EC7-4B8F-A30B-E4D90942FC07): 1
LogDevObjectVersion:   Dev-Automation (0DF73D61-A23F-47EA-B727-89E90C41499A): 1
LogDevObjectVersion:   FortniteMain (601D1886-AC64-4F84-AA16-D3DE0DEAC7D6): 17
LogDevObjectVersion:   Dev-Enterprise (9DFFBCD6-494F-0158-E221-12823C92A888): 4
LogDevObjectVersion:   Dev-Niagara (F2AED0AC-9AFE-416F-8664-AA7FFA26D6FC): 1
LogStreaming: Display: Took  0.017s to delete old logs.
LogInit: Presizing for max 8388607 objects, including 0 objects not considered by GC, pre-allocating 0 bytes for permanent pool.
LogInit: Object subsystem initialized
LogConfig: Setting CVar [[con.DebugEarlyDefault:1]]
LogConfig: Setting CVar [[r.setres:1280x720]]
[2019.01.02-05.28.53:318][  0]LogConfig: Setting CVar [[con.DebugEarlyDefault:1]]
[2019.01.02-05.28.53:318][  0]LogConfig: Setting CVar [[r.setres:1280x720]]
[2019.01.02-05.28.53:318][  0]LogConfig: Applying CVar settings from Section [/Script/Engine.RendererSettings] File [C:/Users/nkm/Documents/GitHub/Pralind/Saved/Config/Windows/Engine.ini]
[2019.01.02-05.28.53:318][  0]LogConfig: Setting CVar [[r.GPUCrashDebugging:0]]
[2019.01.02-05.28.53:318][  0]LogConfig: Applying CVar settings from Section [/Script/Engine.RendererOverrideSettings] File [C:/Users/nkm/Documents/GitHub/Pralind/Saved/Config/Windows/Engine.ini]
[2019.01.02-05.28.53:318][  0]LogConfig: Applying CVar settings from Section [/Script/Engine.StreamingSettings] File [C:/Users/nkm/Documents/GitHub/Pralind/Saved/Config/Windows/Engine.ini]
[2019.01.02-05.28.53:318][  0]LogConfig: Setting CVar [[s.MinBulkDataSizeForAsyncLoading:131072]]
[2019.01.02-05.28.53:318][  0]LogConfig: Setting CVar [[s.AsyncLoadingThreadEnabled:0]]
[2019.01.02-05.28.53:318][  0]LogConfig: Setting CVar [[s.EventDrivenLoaderEnabled:1]]
[2019.01.02-05.28.53:318][  0]LogConfig: Setting CVar [[s.WarnIfTimeLimitExceeded:0]]
[2019.01.02-05.28.53:318][  0]LogConfig: Setting CVar [[s.TimeLimitExceededMultiplier:1.5]]
[2019.01.02-05.28.53:318][  0]LogConfig: Setting CVar [[s.TimeLimitExceededMinTime:0.005]]
[2019.01.02-05.28.53:318][  0]LogConfig: Setting CVar [[s.UseBackgroundLevelStreaming:1]]
[2019.01.02-05.28.53:318][  0]LogConfig: Setting CVar [[s.PriorityAsyncLoadingExtraTime:15.0]]
[2019.01.02-05.28.53:318][  0]LogConfig: Setting CVar [[s.LevelStreamingActorsUpdateTimeLimit:5.0]]
[2019.01.02-05.28.53:318][  0]LogConfig: Setting CVar [[s.PriorityLevelStreamingActorsUpdateExtraTime:5.0]]
[2019.01.02-05.28.53:318][  0]LogConfig: Setting CVar [[s.LevelStreamingComponentsRegistrationGranularity:10]]
[2019.01.02-05.28.53:318][  0]LogConfig: Setting CVar [[s.UnregisterComponentsTimeLimit:1.0]]
[2019.01.02-05.28.53:318][  0]LogConfig: Setting CVar [[s.LevelStreamingComponentsUnregistrationGranularity:5]]
[2019.01.02-05.28.53:318][  0]LogConfig: Applying CVar settings from Section [/Script/Engine.GarbageCollectionSettings] File [C:/Users/nkm/Documents/GitHub/Pralind/Saved/Config/Windows/Engine.ini]
[2019.01.02-05.28.53:318][  0]LogConfig: Setting CVar [[gc.MaxObjectsNotConsideredByGC:1]]
[2019.01.02-05.28.53:318][  0]LogConfig: Setting CVar [[gc.SizeOfPermanentObjectPool:0]]
[2019.01.02-05.28.53:318][  0]LogConfig: Setting CVar [[gc.FlushStreamingOnGC:0]]
[2019.01.02-05.28.53:318][  0]LogConfig: Setting CVar [[gc.NumRetriesBeforeForcingGC:10]]
[2019.01.02-05.28.53:318][  0]LogConfig: Setting CVar [[gc.AllowParallelGC:1]]
[2019.01.02-05.28.53:318][  0]LogConfig: Setting CVar [[gc.TimeBetweenPurgingPendingKillObjects:61.1]]
[2019.01.02-05.28.53:319][  0]LogConfig: Setting CVar [[gc.MaxObjectsInEditor:8388607]]
[2019.01.02-05.28.53:319][  0]LogConfig: Setting CVar [[gc.IncrementalBeginDestroyEnabled:1]]
[2019.01.02-05.28.53:319][  0]LogConfig: Setting CVar [[gc.CreateGCClusters:1]]
[2019.01.02-05.28.53:319][  0]LogConfig: Setting CVar [[gc.MergeGCClusters:0]]
[2019.01.02-05.28.53:319][  0]LogConfig: Setting CVar [[gc.MinGCClusterSize:5]]
[2019.01.02-05.28.53:319][  0]LogConfig: Setting CVar [[gc.ActorClusteringEnabled:0]]
[2019.01.02-05.28.53:319][  0]LogConfig: Setting CVar [[gc.BlueprintClusteringEnabled:0]]
[2019.01.02-05.28.53:319][  0]LogConfig: Setting CVar [[gc.UseDisregardForGCOnDedicatedServers:0]]
[2019.01.02-05.28.53:319][  0]LogConfig: Applying CVar settings from Section [/Script/Engine.NetworkSettings] File [C:/Users/nkm/Documents/GitHub/Pralind/Saved/Config/Windows/Engine.ini]
[2019.01.02-05.28.53:319][  0]LogConfig: Applying CVar settings from Section [/Script/UnrealEd.CookerSettings] File [C:/Users/nkm/Documents/GitHub/Pralind/Saved/Config/Windows/Engine.ini]
[2019.01.02-05.28.53:326][  0]LogConfig: Applying CVar settings from Section [ViewDistanceQuality@3] File [C:/Users/nkm/Documents/GitHub/Pralind/Saved/Config/Windows/Scalability.ini]
[2019.01.02-05.28.53:326][  0]LogConfig: Setting CVar [[r.SkeletalMeshLODBias:0]]
[2019.01.02-05.28.53:326][  0]LogConfig: Setting CVar [[r.ViewDistanceScale:1.0]]
[2019.01.02-05.28.53:326][  0]LogConfig: Applying CVar settings from Section [AntiAliasingQuality@3] File [C:/Users/nkm/Documents/GitHub/Pralind/Saved/Config/Windows/Scalability.ini]
[2019.01.02-05.28.53:326][  0]LogConfig: Setting CVar [[r.PostProcessAAQuality:4]]
[2019.01.02-05.28.53:326][  0]LogConfig: Applying CVar settings from Section [ShadowQuality@3] File [C:/Users/nkm/Documents/GitHub/Pralind/Saved/Config/Windows/Scalability.ini]
[2019.01.02-05.28.53:326][  0]LogConfig: Setting CVar [[r.LightFunctionQuality:1]]
[2019.01.02-05.28.53:326][  0]LogConfig: Setting CVar [[r.ShadowQuality:5]]
[2019.01.02-05.28.53:326][  0]LogConfig: Setting CVar [[r.Shadow.CSM.MaxCascades:10]]
[2019.01.02-05.28.53:326][  0]LogConfig: Setting CVar [[r.Shadow.MaxResolution:2048]]
[2019.01.02-05.28.53:326][  0]LogConfig: Setting CVar [[r.Shadow.MaxCSMResolution:2048]]
[2019.01.02-05.28.53:326][  0]LogConfig: Setting CVar [[r.Shadow.RadiusThreshold:0.01]]
[2019.01.02-05.28.53:326][  0]LogConfig: Setting CVar [[r.Shadow.DistanceScale:1.0]]
[2019.01.02-05.28.53:326][  0]LogConfig: Setting CVar [[r.Shadow.CSM.TransitionScale:1.0]]
[2019.01.02-05.28.53:326][  0]LogConfig: Setting CVar [[r.Shadow.PreShadowResolutionFactor:1.0]]
[2019.01.02-05.28.53:326][  0]LogConfig: Setting CVar [[r.DistanceFieldShadowing:1]]
[2019.01.02-05.28.53:326][  0]LogConfig: Setting CVar [[r.DistanceFieldAO:1]]
[2019.01.02-05.28.53:326][  0]LogConfig: Setting CVar [[r.AOQuality:2]]
[2019.01.02-05.28.53:326][  0]LogConfig: Setting CVar [[r.VolumetricFog:1]]
[2019.01.02-05.28.53:326][  0]LogConfig: Setting CVar [[r.VolumetricFog.GridPixelSize:8]]
[2019.01.02-05.28.53:326][  0]LogConfig: Setting CVar [[r.VolumetricFog.GridSizeZ:128]]
[2019.01.02-05.28.53:326][  0]LogConfig: Setting CVar [[r.VolumetricFog.HistoryMissSupersampleCount:4]]
[2019.01.02-05.28.53:326][  0]LogConfig: Setting CVar [[r.LightMaxDrawDistanceScale:1]]
[2019.01.02-05.28.53:326][  0]LogConfig: Setting CVar [[r.CapsuleShadows:1]]
[2019.01.02-05.28.53:326][  0]LogConfig: Applying CVar settings from Section [PostProcessQuality@3] File [C:/Users/nkm/Documents/GitHub/Pralind/Saved/Config/Windows/Scalability.ini]
[2019.01.02-05.28.53:326][  0]LogConfig: Setting CVar [[r.MotionBlurQuality:4]]
[2019.01.02-05.28.53:326][  0]LogConfig: Setting CVar [[r.AmbientOcclusionMipLevelFactor:0.4]]
[2019.01.02-05.28.53:327][  0]LogConfig: Setting CVar [[r.AmbientOcclusionMaxQuality:100]]
[2019.01.02-05.28.53:327][  0]LogConfig: Setting CVar [[r.AmbientOcclusionLevels:-1]]
[2019.01.02-05.28.53:327][  0]LogConfig: Setting CVar [[r.AmbientOcclusionRadiusScale:1.0]]
[2019.01.02-05.28.53:327][  0]LogConfig: Setting CVar [[r.DepthOfFieldQuality:2]]
[2019.01.02-05.28.53:327][  0]LogConfig: Setting CVar [[r.RenderTargetPoolMin:400]]
[2019.01.02-05.28.53:327][  0]LogConfig: Setting CVar [[r.LensFlareQuality:2]]
[2019.01.02-05.28.53:327][  0]LogConfig: Setting CVar [[r.SceneColorFringeQuality:1]]
[2019.01.02-05.28.53:327][  0]LogConfig: Setting CVar [[r.EyeAdaptationQuality:2]]
[2019.01.02-05.28.53:327][  0]LogConfig: Setting CVar [[r.BloomQuality:5]]
[2019.01.02-05.28.53:327][  0]LogConfig: Setting CVar [[r.FastBlurThreshold:100]]
[2019.01.02-05.28.53:327][  0]LogConfig: Setting CVar [[r.Upscale.Quality:3]]
[2019.01.02-05.28.53:327][  0]LogConfig: Setting CVar [[r.Tonemapper.GrainQuantization:1]]
[2019.01.02-05.28.53:327][  0]LogConfig: Setting CVar [[r.LightShaftQuality:1]]
[2019.01.02-05.28.53:327][  0]LogConfig: Setting CVar [[r.Filter.SizeScale:1]]
[2019.01.02-05.28.53:327][  0]LogConfig: Setting CVar [[r.Tonemapper.Quality:5]]
[2019.01.02-05.28.53:327][  0]LogConfig: Setting CVar [[r.DOF.Gather.AccumulatorQuality:1        ; higher gathering accumulator quality]]
[2019.01.02-05.28.53:327][  0]LogConfig: Setting CVar [[r.DOF.Gather.PostfilterMethod:1          ; Median3x3 postfilering method]]
[2019.01.02-05.28.53:327][  0]LogConfig: Setting CVar [[r.DOF.Gather.EnableBokehSettings:0       ; no bokeh simulation when gathering]]
[2019.01.02-05.28.53:327][  0]LogConfig: Setting CVar [[r.DOF.Gather.RingCount:4                 ; medium number of samples when gathering]]
[2019.01.02-05.28.53:327][  0]LogConfig: Setting CVar [[r.DOF.Scatter.ForegroundCompositing:1    ; additive foreground scattering]]
[2019.01.02-05.28.53:327][  0]LogConfig: Setting CVar [[r.DOF.Scatter.BackgroundCompositing:2    ; additive background scattering]]
[2019.01.02-05.28.53:327][  0]LogConfig: Setting CVar [[r.DOF.Scatter.EnableBokehSettings:1      ; bokeh simulation when scattering]]
[2019.01.02-05.28.53:327][  0]LogConfig: Setting CVar [[r.DOF.Scatter.MaxSpriteRatio:0.1         ; only a maximum of 10% of scattered bokeh]]
[2019.01.02-05.28.53:327][  0]LogConfig: Setting CVar [[r.DOF.Recombine.Quality:1                ; cheap slight out of focus]]
[2019.01.02-05.28.53:327][  0]LogConfig: Setting CVar [[r.DOF.Recombine.EnableBokehSettings:0    ; no bokeh simulation on slight out of focus]]
[2019.01.02-05.28.53:327][  0]LogConfig: Setting CVar [[r.DOF.TemporalAAQuality:1                ; more stable temporal accumulation]]
[2019.01.02-05.28.53:327][  0]LogConfig: Setting CVar [[r.DOF.Kernel.MaxForegroundRadius:0.025]]
[2019.01.02-05.28.53:327][  0]LogConfig: Setting CVar [[r.DOF.Kernel.MaxBackgroundRadius:0.025]]
[2019.01.02-05.28.53:327][  0]LogConfig: Applying CVar settings from Section [TextureQuality@3] File [C:/Users/nkm/Documents/GitHub/Pralind/Saved/Config/Windows/Scalability.ini]
[2019.01.02-05.28.53:327][  0]LogConfig: Setting CVar [[r.Streaming.MipBias:0]]
[2019.01.02-05.28.53:327][  0]LogConfig: Setting CVar [[r.Streaming.AmortizeCPUToGPUCopy:0]]
[2019.01.02-05.28.53:328][  0]LogConfig: Setting CVar [[r.Streaming.MaxNumTexturesToStreamPerFrame:0]]
[2019.01.02-05.28.53:328][  0]LogConfig: Setting CVar [[r.Streaming.Boost:1]]
[2019.01.02-05.28.53:328][  0]LogConfig: Setting CVar [[r.MaxAnisotropy:8]]
[2019.01.02-05.28.53:328][  0]LogConfig: Setting CVar [[r.Streaming.LimitPoolSizeToVRAM:0]]
[2019.01.02-05.28.53:328][  0]LogConfig: Setting CVar [[r.Streaming.PoolSize:1000]]
[2019.01.02-05.28.53:328][  0]LogConfig: Setting CVar [[r.Streaming.MaxEffectiveScreenSize:0]]
[2019.01.02-05.28.53:328][  0]LogConfig: Applying CVar settings from Section [EffectsQuality@3] File [C:/Users/nkm/Documents/GitHub/Pralind/Saved/Config/Windows/Scalability.ini]
[2019.01.02-05.28.53:328][  0]LogConfig: Setting CVar [[r.TranslucencyLightingVolumeDim:64]]
[2019.01.02-05.28.53:328][  0]LogConfig: Setting CVar [[r.RefractionQuality:2]]
[2019.01.02-05.28.53:328][  0]LogConfig: Setting CVar [[r.SSR.Quality:3]]
[2019.01.02-05.28.53:328][  0]LogConfig: Setting CVar [[r.SceneColorFormat:4]]
[2019.01.02-05.28.53:328][  0]LogConfig: Setting CVar [[r.DetailMode:2]]
[2019.01.02-05.28.53:328][  0]LogConfig: Setting CVar [[r.TranslucencyVolumeBlur:1]]
[2019.01.02-05.28.53:328][  0]LogConfig: Setting CVar [[r.MaterialQualityLevel:1 ; High quality]]
[2019.01.02-05.28.53:328][  0]LogConfig: Setting CVar [[r.SSS.Scale:1]]
[2019.01.02-05.28.53:328][  0]LogConfig: Setting CVar [[r.SSS.SampleSet:2]]
[2019.01.02-05.28.53:328][  0]LogConfig: Setting CVar [[r.SSS.Quality:1]]
[2019.01.02-05.28.53:328][  0]LogConfig: Setting CVar [[r.SSS.HalfRes:1]]
[2019.01.02-05.28.53:328][  0]LogConfig: Setting CVar [[r.EmitterSpawnRateScale:1.0]]
[2019.01.02-05.28.53:328][  0]LogConfig: Setting CVar [[r.ParticleLightQuality:2]]
[2019.01.02-05.28.53:328][  0]LogConfig: Applying CVar settings from Section [FoliageQuality@3] File [C:/Users/nkm/Documents/GitHub/Pralind/Saved/Config/Windows/Scalability.ini]
[2019.01.02-05.28.53:328][  0]LogConfig: Setting CVar [[foliage.DensityScale:1.0]]
[2019.01.02-05.28.53:328][  0]LogConfig: Setting CVar [[grass.DensityScale:1.0]]
[2019.01.02-05.28.53:328][  0]LogInit: Selected Device Profile: [Windows]
[2019.01.02-05.28.53:328][  0]LogInit: Applying CVar settings loaded from the selected device profile: [Windows]
[2019.01.02-05.28.53:336][  0]LogHAL: Display: Platform has ~ 16 GB [17155100672 / 17179869184 / 16], which maps to Larger [LargestMinGB=32, LargerMinGB=12, DefaultMinGB=8, SmallerMinGB=6, SmallestMinGB=0)
[2019.01.02-05.28.53:336][  0]LogConfig: Setting CVar [[r.Vulkan.UseRealUBs:1]]
[2019.01.02-05.28.53:336][  0]LogInit: Going up to parent DeviceProfile []
[2019.01.02-05.28.53:336][  0]LogConfig: Applying CVar settings from Section [ViewDistanceQuality@3] File [C:/Users/nkm/Documents/GitHub/Pralind/Saved/Config/Windows/Scalability.ini]
[2019.01.02-05.28.53:336][  0]LogConfig: Setting CVar [[r.SkeletalMeshLODBias:0]]
[2019.01.02-05.28.53:336][  0]LogConfig: Setting CVar [[r.ViewDistanceScale:1.0]]
[2019.01.02-05.28.53:336][  0]LogConfig: Applying CVar settings from Section [AntiAliasingQuality@3] File [C:/Users/nkm/Documents/GitHub/Pralind/Saved/Config/Windows/Scalability.ini]
[2019.01.02-05.28.53:336][  0]LogConfig: Setting CVar [[r.PostProcessAAQuality:4]]
[2019.01.02-05.28.53:336][  0]LogConfig: Applying CVar settings from Section [ShadowQuality@3] File [C:/Users/nkm/Documents/GitHub/Pralind/Saved/Config/Windows/Scalability.ini]
[2019.01.02-05.28.53:336][  0]LogConfig: Setting CVar [[r.LightFunctionQuality:1]]
[2019.01.02-05.28.53:336][  0]LogConfig: Setting CVar [[r.ShadowQuality:5]]
[2019.01.02-05.28.53:336][  0]LogConfig: Setting CVar [[r.Shadow.CSM.MaxCascades:10]]
[2019.01.02-05.28.53:336][  0]LogConfig: Setting CVar [[r.Shadow.MaxResolution:2048]]
[2019.01.02-05.28.53:336][  0]LogConfig: Setting CVar [[r.Shadow.MaxCSMResolution:2048]]
[2019.01.02-05.28.53:336][  0]LogConfig: Setting CVar [[r.Shadow.RadiusThreshold:0.01]]
[2019.01.02-05.28.53:336][  0]LogConfig: Setting CVar [[r.Shadow.DistanceScale:1.0]]
[2019.01.02-05.28.53:336][  0]LogConfig: Setting CVar [[r.Shadow.CSM.TransitionScale:1.0]]
[2019.01.02-05.28.53:337][  0]LogConfig: Setting CVar [[r.Shadow.PreShadowResolutionFactor:1.0]]
[2019.01.02-05.28.53:337][  0]LogConfig: Setting CVar [[r.DistanceFieldShadowing:1]]
[2019.01.02-05.28.53:337][  0]LogConfig: Setting CVar [[r.DistanceFieldAO:1]]
[2019.01.02-05.28.53:337][  0]LogConfig: Setting CVar [[r.AOQuality:2]]
[2019.01.02-05.28.53:337][  0]LogConfig: Setting CVar [[r.VolumetricFog:1]]
[2019.01.02-05.28.53:337][  0]LogConfig: Setting CVar [[r.VolumetricFog.GridPixelSize:8]]
[2019.01.02-05.28.53:337][  0]LogConfig: Setting CVar [[r.VolumetricFog.GridSizeZ:128]]
[2019.01.02-05.28.53:337][  0]LogConfig: Setting CVar [[r.VolumetricFog.HistoryMissSupersampleCount:4]]
[2019.01.02-05.28.53:337][  0]LogConfig: Setting CVar [[r.LightMaxDrawDistanceScale:1]]
[2019.01.02-05.28.53:337][  0]LogConfig: Setting CVar [[r.CapsuleShadows:1]]
[2019.01.02-05.28.53:337][  0]LogConfig: Applying CVar settings from Section [PostProcessQuality@3] File [C:/Users/nkm/Documents/GitHub/Pralind/Saved/Config/Windows/Scalability.ini]
[2019.01.02-05.28.53:337][  0]LogConfig: Setting CVar [[r.MotionBlurQuality:4]]
[2019.01.02-05.28.53:337][  0]LogConfig: Setting CVar [[r.AmbientOcclusionMipLevelFactor:0.4]]
[2019.01.02-05.28.53:337][  0]LogConfig: Setting CVar [[r.AmbientOcclusionMaxQuality:100]]
[2019.01.02-05.28.53:337][  0]LogConfig: Setting CVar [[r.AmbientOcclusionLevels:-1]]
[2019.01.02-05.28.53:337][  0]LogConfig: Setting CVar [[r.AmbientOcclusionRadiusScale:1.0]]
[2019.01.02-05.28.53:337][  0]LogConfig: Setting CVar [[r.DepthOfFieldQuality:2]]
[2019.01.02-05.28.53:337][  0]LogConfig: Setting CVar [[r.RenderTargetPoolMin:400]]
[2019.01.02-05.28.53:337][  0]LogConfig: Setting CVar [[r.LensFlareQuality:2]]
[2019.01.02-05.28.53:337][  0]LogConfig: Setting CVar [[r.SceneColorFringeQuality:1]]
[2019.01.02-05.28.53:337][  0]LogConfig: Setting CVar [[r.EyeAdaptationQuality:2]]
[2019.01.02-05.28.53:337][  0]LogConfig: Setting CVar [[r.BloomQuality:5]]
[2019.01.02-05.28.53:337][  0]LogConfig: Setting CVar [[r.FastBlurThreshold:100]]
[2019.01.02-05.28.53:337][  0]LogConfig: Setting CVar [[r.Upscale.Quality:3]]
[2019.01.02-05.28.53:337][  0]LogConfig: Setting CVar [[r.Tonemapper.GrainQuantization:1]]
[2019.01.02-05.28.53:337][  0]LogConfig: Setting CVar [[r.LightShaftQuality:1]]
[2019.01.02-05.28.53:337][  0]LogConfig: Setting CVar [[r.Filter.SizeScale:1]]
[2019.01.02-05.28.53:337][  0]LogConfig: Setting CVar [[r.Tonemapper.Quality:5]]
[2019.01.02-05.28.53:337][  0]LogConfig: Setting CVar [[r.DOF.Gather.AccumulatorQuality:1        ; higher gathering accumulator quality]]
[2019.01.02-05.28.53:337][  0]LogConfig: Setting CVar [[r.DOF.Gather.PostfilterMethod:1          ; Median3x3 postfilering method]]
[2019.01.02-05.28.53:337][  0]LogConfig: Setting CVar [[r.DOF.Gather.EnableBokehSettings:0       ; no bokeh simulation when gathering]]
[2019.01.02-05.28.53:337][  0]LogConfig: Setting CVar [[r.DOF.Gather.RingCount:4                 ; medium number of samples when gathering]]
[2019.01.02-05.28.53:337][  0]LogConfig: Setting CVar [[r.DOF.Scatter.ForegroundCompositing:1    ; additive foreground scattering]]
[2019.01.02-05.28.53:337][  0]LogConfig: Setting CVar [[r.DOF.Scatter.BackgroundCompositing:2    ; additive background scattering]]
[2019.01.02-05.28.53:337][  0]LogConfig: Setting CVar [[r.DOF.Scatter.EnableBokehSettings:1      ; bokeh simulation when scattering]]
[2019.01.02-05.28.53:337][  0]LogConfig: Setting CVar [[r.DOF.Scatter.MaxSpriteRatio:0.1         ; only a maximum of 10% of scattered bokeh]]
[2019.01.02-05.28.53:338][  0]LogConfig: Setting CVar [[r.DOF.Recombine.Quality:1                ; cheap slight out of focus]]
[2019.01.02-05.28.53:338][  0]LogConfig: Setting CVar [[r.DOF.Recombine.EnableBokehSettings:0    ; no bokeh simulation on slight out of focus]]
[2019.01.02-05.28.53:338][  0]LogConfig: Setting CVar [[r.DOF.TemporalAAQuality:1                ; more stable temporal accumulation]]
[2019.01.02-05.28.53:338][  0]LogConfig: Setting CVar [[r.DOF.Kernel.MaxForegroundRadius:0.025]]
[2019.01.02-05.28.53:338][  0]LogConfig: Setting CVar [[r.DOF.Kernel.MaxBackgroundRadius:0.025]]
[2019.01.02-05.28.53:338][  0]LogConfig: Applying CVar settings from Section [TextureQuality@3] File [C:/Users/nkm/Documents/GitHub/Pralind/Saved/Config/Windows/Scalability.ini]
[2019.01.02-05.28.53:338][  0]LogConfig: Setting CVar [[r.Streaming.MipBias:0]]
[2019.01.02-05.28.53:338][  0]LogConfig: Setting CVar [[r.Streaming.AmortizeCPUToGPUCopy:0]]
[2019.01.02-05.28.53:338][  0]LogConfig: Setting CVar [[r.Streaming.MaxNumTexturesToStreamPerFrame:0]]
[2019.01.02-05.28.53:338][  0]LogConfig: Setting CVar [[r.Streaming.Boost:1]]
[2019.01.02-05.28.53:338][  0]LogConfig: Setting CVar [[r.MaxAnisotropy:8]]
[2019.01.02-05.28.53:338][  0]LogConfig: Setting CVar [[r.Streaming.LimitPoolSizeToVRAM:0]]
[2019.01.02-05.28.53:338][  0]LogConfig: Setting CVar [[r.Streaming.PoolSize:1000]]
[2019.01.02-05.28.53:338][  0]LogConfig: Setting CVar [[r.Streaming.MaxEffectiveScreenSize:0]]
[2019.01.02-05.28.53:338][  0]LogConfig: Applying CVar settings from Section [EffectsQuality@3] File [C:/Users/nkm/Documents/GitHub/Pralind/Saved/Config/Windows/Scalability.ini]
[2019.01.02-05.28.53:338][  0]LogConfig: Setting CVar [[r.TranslucencyLightingVolumeDim:64]]
[2019.01.02-05.28.53:338][  0]LogConfig: Setting CVar [[r.RefractionQuality:2]]
[2019.01.02-05.28.53:338][  0]LogConfig: Setting CVar [[r.SSR.Quality:3]]
[2019.01.02-05.28.53:338][  0]LogConfig: Setting CVar [[r.SceneColorFormat:4]]
[2019.01.02-05.28.53:338][  0]LogConfig: Setting CVar [[r.DetailMode:2]]
[2019.01.02-05.28.53:338][  0]LogConfig: Setting CVar [[r.TranslucencyVolumeBlur:1]]
[2019.01.02-05.28.53:338][  0]LogConfig: Setting CVar [[r.MaterialQualityLevel:1 ; High quality]]
[2019.01.02-05.28.53:338][  0]LogConfig: Setting CVar [[r.SSS.Scale:1]]
[2019.01.02-05.28.53:338][  0]LogConfig: Setting CVar [[r.SSS.SampleSet:2]]
[2019.01.02-05.28.53:338][  0]LogConfig: Setting CVar [[r.SSS.Quality:1]]
[2019.01.02-05.28.53:338][  0]LogConfig: Setting CVar [[r.SSS.HalfRes:1]]
[2019.01.02-05.28.53:338][  0]LogConfig: Setting CVar [[r.EmitterSpawnRateScale:1.0]]
[2019.01.02-05.28.53:338][  0]LogConfig: Setting CVar [[r.ParticleLightQuality:2]]
[2019.01.02-05.28.53:338][  0]LogConfig: Applying CVar settings from Section [FoliageQuality@3] File [C:/Users/nkm/Documents/GitHub/Pralind/Saved/Config/Windows/Scalability.ini]
[2019.01.02-05.28.53:338][  0]LogConfig: Setting CVar [[foliage.DensityScale:1.0]]
[2019.01.02-05.28.53:338][  0]LogConfig: Setting CVar [[grass.DensityScale:1.0]]
[2019.01.02-05.28.53:338][  0]LogConfig: Applying CVar settings from Section [Startup] File [../../../Engine/Config/ConsoleVariables.ini]
[2019.01.02-05.28.53:339][  0]LogConfig: Setting CVar [[net.UseAdaptiveNetUpdateFrequency:0]]
[2019.01.02-05.28.53:339][  0]LogConfig: Applying CVar settings from Section [ConsoleVariables] File [C:/Users/nkm/Documents/GitHub/Pralind/Saved/Config/Windows/Engine.ini]
[2019.01.02-05.28.53:339][  0]LogInit: Computer: DESKTOP-36NQ0HB
[2019.01.02-05.28.53:339][  0]LogInit: User: nkm
[2019.01.02-05.28.53:339][  0]LogInit: CPU Page size=4096, Cores=4
[2019.01.02-05.28.53:339][  0]LogInit: High frequency timer resolution =3.526095 MHz
[2019.01.02-05.28.53:339][  0]LogMemory: Memory total: Physical=16.0GB (16GB approx)
[2019.01.02-05.28.53:339][  0]LogMemory: Platform Memory Stats for Windows
[2019.01.02-05.28.53:339][  0]LogMemory: Process Physical Memory: 134.96 MB used, 134.96 MB peak
[2019.01.02-05.28.53:339][  0]LogMemory: Process Virtual Memory: 104.95 MB used, 104.95 MB peak
[2019.01.02-05.28.53:339][  0]LogMemory: Physical Memory: 7993.21 MB used,  8367.17 MB free, 16360.38 MB total
[2019.01.02-05.28.53:340][  0]LogMemory: Virtual Memory: 4753.59 MB used,  134212976.00 MB free, 134217728.00 MB total
[2019.01.02-05.28.53:413][  0]LogInit: Using OS detected language (en-US).
[2019.01.02-05.28.53:413][  0]LogInit: Using OS detected locale (da-DK).
[2019.01.02-05.28.53:414][  0]LogTextLocalizationManager: No specific localization for 'en-US' exists, so the 'en' localization will be used.
[2019.01.02-05.28.53:415][  0]LogTextLocalizationManager: No localization for 'da-DK' exists, so 'en' will be used for the locale.
[2019.01.02-05.28.54:045][  0]LogStreaming: Display: Took  0.632s to InitEngineTextLocalization.
[2019.01.02-05.28.54:091][  0]LogSlate: New Slate User Created.  User Index 0, Is Virtual User: 0
[2019.01.02-05.28.54:091][  0]LogSlate: Slate User Registered.  User Index 0, Is Virtual User: 0
[2019.01.02-05.28.54:110][  0]LogHMD: Failed to initialize OpenVR with code 110
[2019.01.02-05.28.54:110][  0]LogD3D11RHI: D3D11 adapters:
[2019.01.02-05.28.54:255][  0]LogD3D11RHI:    0. 'NVIDIA GeForce GTX 1050 Ti' (Feature Level 11_0)
[2019.01.02-05.28.54:255][  0]LogD3D11RHI:       4018/0/8180 MB DedicatedVideo/DedicatedSystem/SharedSystem, Outputs:2, VendorId:0x10de
[2019.01.02-05.28.54:262][  0]LogD3D11RHI:    1. 'Microsoft Basic Render Driver' (Feature Level 11_0)
[2019.01.02-05.28.54:262][  0]LogD3D11RHI:       0/0/8180 MB DedicatedVideo/DedicatedSystem/SharedSystem, Outputs:0, VendorId:0x1414
[2019.01.02-05.28.54:262][  0]LogD3D11RHI: Chosen D3D11 Adapter: 0
[2019.01.02-05.28.54:278][  0]LogD3D11RHI: Creating new Direct3DDevice
[2019.01.02-05.28.54:279][  0]LogD3D11RHI:     GPU DeviceId: 0x1c82 (for the marketing name, search the web for "GPU Device Id")
[2019.01.02-05.28.54:279][  0]LogWindows: EnumDisplayDevices:
[2019.01.02-05.28.54:279][  0]LogWindows:    0. 'NVIDIA GeForce GTX 1050 Ti' (P:1 D:1)
[2019.01.02-05.28.54:280][  0]LogWindows:    1. 'NVIDIA GeForce GTX 1050 Ti' (P:0 D:1)
[2019.01.02-05.28.54:281][  0]LogWindows:    2. 'NVIDIA GeForce GTX 1050 Ti' (P:0 D:0)
[2019.01.02-05.28.54:281][  0]LogWindows:    3. 'NVIDIA GeForce GTX 1050 Ti' (P:0 D:0)
[2019.01.02-05.28.54:282][  0]LogWindows: DebugString: FoundDriverCount:4 
[2019.01.02-05.28.54:282][  0]LogD3D11RHI:     Adapter Name: NVIDIA GeForce GTX 1050 Ti
[2019.01.02-05.28.54:282][  0]LogD3D11RHI:   Driver Version: 391.35 (internal:23.21.13.9135, unified:391.35)
[2019.01.02-05.28.54:282][  0]LogD3D11RHI:      Driver Date: 3-23-2018
[2019.01.02-05.28.54:282][  0]LogRHI: Texture pool is 2812 MB (70% of 4018 MB)
[2019.01.02-05.28.54:368][  0]LogD3D11RHI: Async texture creation enabled
[2019.01.02-05.28.54:389][  0]LogD3D11RHI: GPU Timing Frequency: 1000.000000 (Debug: 2 2)
[2019.01.02-05.28.55:077][  0]LogTemp: Display: Loaded TP WindowsClientTargetPlatform
[2019.01.02-05.28.55:098][  0]LogTemp: Display: Loaded TP WindowsNoEditorTargetPlatform
[2019.01.02-05.28.55:118][  0]LogTemp: Display: Loaded TP WindowsServerTargetPlatform
[2019.01.02-05.28.55:128][  0]LogTemp: Display: Loaded TP WindowsTargetPlatform
[2019.01.02-05.28.55:128][  0]LogTargetPlatformManager: Display: Building Assets For Windows
[2019.01.02-05.28.55:215][  0]LogShaderCompilers: Guid format shader working directory is 6 characters bigger than the processId version (C:/Users/nkm/Documents/GitHub/Pralind/Intermediate/Shaders/WorkingDirectory/14976/).
[2019.01.02-05.28.55:215][  0]LogShaderCompilers: Cleaned the shader compiler working directory 'C:/Users/nkm/AppData/Local/Temp/UnrealShaderWorkingDir/072693BE4160F5EE88F87FA14ACC28FA/'.
[2019.01.02-05.28.55:219][  0]LogXGEController: Cannot use XGE Controller as Incredibuild is not installed on this machine.
[2019.01.02-05.28.55:219][  0]LogShaderCompilers: Cannot use XGE Shader Compiler as Incredibuild is not installed on this machine.
[2019.01.02-05.28.55:219][  0]LogShaderCompilers: Display: Using Local Shader Compiler.
[2019.01.02-05.28.55:909][  0]LogDerivedDataCache: Display: Max Cache Size: 512 MB
[2019.01.02-05.28.56:005][  0]LogDerivedDataCache: Loaded boot cache 0.10s 71MB C:/Users/nkm/AppData/Local/UnrealEngine/4.21/DerivedDataCache/Boot.ddc.
[2019.01.02-05.28.56:005][  0]LogDerivedDataCache: Display: Loaded Boot cache: C:/Users/nkm/AppData/Local/UnrealEngine/4.21/DerivedDataCache/Boot.ddc
[2019.01.02-05.28.56:005][  0]LogDerivedDataCache: FDerivedDataBackendGraph:  Pak pak cache file C:/Users/nkm/Documents/GitHub/Pralind/DerivedDataCache/DDC.ddp not found, will not use a pak cache.
[2019.01.02-05.28.56:005][  0]LogDerivedDataCache: Unable to find inner node Pak for hierarchical cache Hierarchy.
[2019.01.02-05.28.56:005][  0]LogDerivedDataCache: FDerivedDataBackendGraph:  CompressedPak pak cache file C:/Users/nkm/Documents/GitHub/Pralind/DerivedDataCache/Compressed.ddp not found, will not use a pak cache.
[2019.01.02-05.28.56:005][  0]LogDerivedDataCache: Unable to find inner node CompressedPak for hierarchical cache Hierarchy.
[2019.01.02-05.28.56:023][  0]LogDerivedDataCache: Display: Pak cache opened for reading ../../../Engine/DerivedDataCache/Compressed.ddp.
[2019.01.02-05.28.56:023][  0]LogDerivedDataCache: FDerivedDataBackendGraph:  EnterprisePak pak cache file ../../../Enterprise/DerivedDataCache/Compressed.ddp not found, will not use a pak cache.
[2019.01.02-05.28.56:023][  0]LogDerivedDataCache: Unable to find inner node EnterprisePak for hierarchical cache Hierarchy.
[2019.01.02-05.28.56:036][  0]LogDerivedDataCache: Using Local data cache path C:/Users/nkm/AppData/Local/UnrealEngine/Common/DerivedDataCache: Writable
[2019.01.02-05.28.56:036][  0]LogDerivedDataCache: Shared data cache path not found in *engine.ini, will not use an Shared cache.
[2019.01.02-05.28.56:036][  0]LogDerivedDataCache: Unable to find inner node Shared for hierarchical cache Hierarchy.
[2019.01.02-05.28.56:069][  0]LogMaterial: Verifying Global Shaders for PCD3D_SM5
[2019.01.02-05.28.56:070][  0]LogSlate: Using FreeType 2.6.0
[2019.01.02-05.28.56:071][  0]LogSlate: SlateFontServices - WITH_FREETYPE: 1, WITH_HARFBUZZ: 1
[2019.01.02-05.28.56:278][  0]LogInit: Using OS detected language (en-US).
[2019.01.02-05.28.56:278][  0]LogInit: Using OS detected locale (da-DK).
[2019.01.02-05.28.56:278][  0]LogTextLocalizationManager: No localization for 'en-US' exists, so 'en' will be used for the language.
[2019.01.02-05.28.56:278][  0]LogTextLocalizationManager: No localization for 'da-DK' exists, so 'en' will be used for the locale.
[2019.01.02-05.28.56:278][  0]LogSlate: FontCache flush requested. Reason: Culture for localization was changed
[2019.01.02-05.28.56:278][  0]LogSlate: FontCache flush requested. Reason: Culture for localization was changed
[2019.01.02-05.28.56:776][  0]LogStreaming: Display: Took  0.498s to InitGameTextLocalization.
[2019.01.02-05.28.56:790][  0]LogAssetRegistry: FAssetRegistry took 0.0087 seconds to start up
[2019.01.02-05.28.57:167][  0]LogPackageLocalizationCache: Processed 11 localized package path(s) for 1 prioritized culture(s) in 0.020245 seconds
[2019.01.02-05.28.57:331][  0]LogInit: Selected Device Profile: [Windows]
[2019.01.02-05.28.57:533][  0]LogSimplygon: Simplygon DLL not present - disabling.
[2019.01.02-05.28.57:543][  0]LogMeshReduction: Using SimplygonSwarm for distributed automatic mesh merging
[2019.01.02-05.28.57:543][  0]LogMeshReduction: Using ProxyLODMeshReduction for automatic mesh merging
[2019.01.02-05.28.57:543][  0]LogMeshReduction: Using QuadricMeshReduction for automatic static mesh reduction
[2019.01.02-05.28.57:543][  0]LogMeshReduction: No automatic skeletal mesh reduction module available
[2019.01.02-05.28.57:560][  0]LogNetVersion: Pralind 1.0.0, NetCL: 4541578, EngineNetVer: 5, GameNetVer: 0 (Checksum: 393044096)
[2019.01.02-05.28.58:367][  0]LogMoviePlayer: Initializing movie player
[2019.01.02-05.28.58:500][  0]LogTcpMessaging: Initializing TcpMessaging bridge
[2019.01.02-05.28.58:513][  0]LogUdpMessaging: Initializing bridge on interface 0.0.0.0:0 to multicast group 230.0.0.1:6666.
[2019.01.02-05.28.58:620][  0]SourceControl: Source control is disabled
[2019.01.02-05.28.58:620][  0]SourceControl: Source control is disabled
[2019.01.02-05.28.58:623][  0]SourceControl: Source control is disabled
[2019.01.02-05.28.58:789][  0]LogAndroidPermission: UAndroidPermissionCallbackProxy::GetInstance
[2019.01.02-05.28.59:105][  0]LogOcInput: OculusInput pre-init called
[2019.01.02-05.28.59:129][  0]LogUObjectArray: 43882 objects as part of root set at end of initial load.
[2019.01.02-05.28.59:130][  0]LogUObjectAllocator: 7712104 out of 0 bytes used by permanent object pool.
[2019.01.02-05.28.59:130][  0]LogUObjectArray: CloseDisregardForGC: 0/0 objects in disregard for GC pool
[2019.01.02-05.28.59:272][  0]LogEngine: Initializing Engine...
[2019.01.02-05.28.59:274][  0]LogHMD: Failed to initialize OpenVR with code 110
[2019.01.02-05.28.59:287][  0]LogStats: UGameplayTagsManager::ConstructGameplayTagTree: ImportINI prefixes -  0.000 s
[2019.01.02-05.28.59:287][  0]LogStats: UGameplayTagsManager::ConstructGameplayTagTree: Construct from data asset -  0.000 s
[2019.01.02-05.28.59:287][  0]LogStats: UGameplayTagsManager::ConstructGameplayTagTree: ImportINI -  0.000 s
[2019.01.02-05.28.59:287][  0]LogStats: UGameplayTagsManager::ConstructGameplayTagTree: GameplayTagTreeChangedEvent.Broadcast -  0.000 s
[2019.01.02-05.28.59:524][  0]LogInit: Initializing FReadOnlyCVARCache
[2019.01.02-05.28.59:600][  0]LogInit: XAudio2 using 'Speakers (Razer Surround Audio Controller)' : 6 channels at 48 kHz using 16 bits per sample (channel mask 0x3f)
[2019.01.02-05.28.59:615][  0]LogInit: FAudioDevice initialized.
[2019.01.02-05.28.59:627][  0]LogNetVersion: Set ProjectVersion to 1.0.0.0. Version Checksum will be recalculated on next use.
[2019.01.02-05.28.59:634][  0]LogInit: Texture streaming: Enabled
[2019.01.02-05.28.59:848][  0]LogSlate: Updating window title bar state: overlay mode, drag disabled, window buttons hidden, title bar hidden
[2019.01.02-05.28.59:848][  0]LogInit: Display: Game Engine Initialized.
[2019.01.02-05.28.59:849][  0]LogGameplayTags: Display: UGameplayTagsManager::DoneAddingNativeTags. DelegateIsBound: 0
[2019.01.02-05.28.59:849][  0]LogStats: UGameplayTagsManager::ConstructGameplayTagTree: ImportINI prefixes -  0.000 s
[2019.01.02-05.28.59:849][  0]LogStats: UGameplayTagsManager::ConstructGameplayTagTree: Construct from data asset -  0.000 s
[2019.01.02-05.28.59:849][  0]LogStats: UGameplayTagsManager::ConstructGameplayTagTree: ImportINI -  0.000 s
[2019.01.02-05.28.59:849][  0]LogStats: UGameplayTagsManager::ConstructGameplayTagTree: GameplayTagTreeChangedEvent.Broadcast -  0.000 s
[2019.01.02-05.28.59:879][  0]LogInit: Display: Starting Game.
[2019.01.02-05.28.59:879][  0]LogNet: Browse: /Game/Maps/Menu_Map?Name=Player
[2019.01.02-05.28.59:879][  0]LogLoad: LoadMap: /Game/Maps/Menu_Map?Name=Player
[2019.01.02-05.29.00:073][  0]LogAIModule: Creating AISystem for world Menu_Map
[2019.01.02-05.29.00:289][  0]LogLoad: Game class is 'ThirdPersonGameMode_C'
[2019.01.02-05.29.00:290][  0]LogWorld: Bringing World /Game/Maps/Menu_Map.Menu_Map up for play (max tick rate 0) at 2019.01.02-06.29.00
[2019.01.02-05.29.00:291][  0]LogWorld: Bringing up level for play took: 0.000854
[2019.01.02-05.29.00:292][  0]LogGameMode: FindPlayerStart: PATHS NOT DEFINED or NO PLAYERSTART with positive rating
[2019.01.02-05.29.00:301][  0]LogLoad: Took 0.422654 seconds to LoadMap(/Game/Maps/Menu_Map)
[2019.01.02-05.29.00:371][  0]LogRenderer: Reallocating scene render targets to support 1280x720 Format 10 NumSamples 1 (Frame:1).
[2019.01.02-05.29.00:371][  0]LogLoad: (Engine Initialization) Total time: 9.98 seconds
[2019.01.02-05.29.00:371][  0]LogLoad: (Engine Initialization) Total Blueprint compile time: 0.00 seconds
[2019.01.02-05.29.00:399][  0]LogWindowsTextInputMethodSystem: Display: IME system now deactivated.
[2019.01.02-05.29.00:403][  0]LogContentStreaming: Texture pool size now 1000 MB
[2019.01.02-05.29.07:989][411]LogSlate: FSceneViewport::OnFocusLost() reason 0
[2019.01.02-05.29.08:097][417]LogSlate: Took 0.000332 seconds to synchronously load lazily loaded font '../../../Engine/Content/Slate/Fonts/Roboto-Regular.ttf' (155K)
[2019.01.02-05.29.13:751][769]LogOnlineSession: Verbose: OSS: dumping NamedSession: 
[2019.01.02-05.29.13:751][769]LogOnlineSession: Verbose: OSS: 	SessionName: GameSession
[2019.01.02-05.29.13:751][769]LogOnlineSession: Verbose: OSS: 	HostingPlayerNum: 0
[2019.01.02-05.29.13:751][769]LogOnlineSession: Verbose: OSS: 	SessionState: Pending
[2019.01.02-05.29.13:751][769]LogOnlineSession: Verbose: OSS: 	RegisteredPlayers: 
[2019.01.02-05.29.13:752][769]LogOnlineSession: Verbose: OSS: 	    0 registered players
[2019.01.02-05.29.13:752][769]LogOnlineSession: Verbose: OSS: dumping Session: 
[2019.01.02-05.29.13:752][769]LogOnlineSession: Verbose: OSS: 	OwningPlayerName: Sayzes
[2019.01.02-05.29.13:752][769]LogOnlineSession: Verbose: OSS: 	OwningPlayerId: Sayzes [0x199976142E0]
[2019.01.02-05.29.13:752][769]LogOnlineSession: Verbose: OSS: 	NumOpenPrivateConnections: 2
[2019.01.02-05.29.13:752][769]LogOnlineSession: Verbose: OSS: 	NumOpenPublicConnections: 99
[2019.01.02-05.29.13:752][769]LogOnlineSession: Verbose: OSS: 	SessionInfo: HostIP: INVALID SteamP2P: 76561198048753127:7777 Type: Lobby session SessionId: Lobby[0x186000001330F2A]
[2019.01.02-05.29.13:752][769]LogOnlineSession: Verbose: OSS: dumping SessionSettings: 
[2019.01.02-05.29.13:752][769]LogOnlineSession: Verbose: OSS: 	NumPublicConnections: 100
[2019.01.02-05.29.13:752][769]LogOnlineSession: Verbose: OSS: 	NumPrivateConnections: 2
[2019.01.02-05.29.13:752][769]LogOnlineSession: Verbose: OSS: 	bIsLanMatch: false
[2019.01.02-05.29.13:752][769]LogOnlineSession: Verbose: OSS: 	bIsDedicated: false
[2019.01.02-05.29.13:752][769]LogOnlineSession: Verbose: OSS: 	bUsesStats: false
[2019.01.02-05.29.13:752][769]LogOnlineSession: Verbose: OSS: 	bShouldAdvertise: true
[2019.01.02-05.29.13:752][769]LogOnlineSession: Verbose: OSS: 	bAllowJoinInProgress: true
[2019.01.02-05.29.13:752][769]LogOnlineSession: Verbose: OSS: 	bAllowInvites: true
[2019.01.02-05.29.13:752][769]LogOnlineSession: Verbose: OSS: 	bUsesPresence: true
[2019.01.02-05.29.13:752][769]LogOnlineSession: Verbose: OSS: 	bAllowJoinViaPresence: true
[2019.01.02-05.29.13:752][769]LogOnlineSession: Verbose: OSS: 	bAllowJoinViaPresenceFriendsOnly: false
[2019.01.02-05.29.13:752][769]LogOnlineSession: Verbose: OSS: 	BuildUniqueId: 0x00454c8a
[2019.01.02-05.29.13:752][769]LogOnlineSession: Verbose: OSS: 	Settings:
[2019.01.02-05.29.13:752][769]LogOnlineSession: Verbose: OSS: 		NAME=awda : OnlineService
[2019.01.02-05.29.13:752][769]LogOnlineSession: Verbose: OSS: 		MAP=Map1 : OnlineService
[2019.01.02-05.29.13:752][769]LogOnlineSession: Verbose: OSS: 		MODE=Normal : OnlineService
[2019.01.02-05.29.13:752][769]LogOnlineSession: Verbose: OSS: 		LAN=false : OnlineService
[2019.01.02-05.29.13:893][769]LogPackageName: SearchForPackageOnDisk took   0.140s to resolve Map1.umap.
[2019.01.02-05.29.14:028][769]LogPackageName: SearchForPackageOnDisk took   0.135s to resolve Map1.umap.
[2019.01.02-05.29.14:028][769]LogNet: Browse: /Game/Maps/Map1?listen
[2019.01.02-05.29.14:028][769]LogLoad: LoadMap: /Game/Maps/Map1?listen
[2019.01.02-05.29.14:178][769]LogAIModule: Creating AISystem for world Map1
[2019.01.02-05.29.14:386][769]LogLoad: Game class is 'ThirdPersonGameMode_C'
[2019.01.02-05.29.14:387][769]LogTemp: Display: ParseSettings for GameNetDriver
[2019.01.02-05.29.14:387][769]LogTemp: Display: ParseSettings for SteamNetDriver_0
[2019.01.02-05.29.14:388][769]LogTemp: Display: ParseSettings for GameNetDriver
[2019.01.02-05.29.14:388][769]LogNet: ReplicationDriverClass is null! Not using ReplicationDriver.
[2019.01.02-05.29.14:388][769]PacketHandlerLog: DDoS detection status: detection enabled: 0 analytics enabled: 0
[2019.01.02-05.29.14:388][769]LogNet: Display: SteamNetDriver_0 bound to port 7777
[2019.01.02-05.29.14:388][769]PacketHandlerLog: Loaded PacketHandler component: Engine.EngineHandlerComponentFactory (StatelessConnectHandlerComponent)
[2019.01.02-05.29.14:388][769]LogNet: GameNetDriver SteamNetDriver_0 IpNetDriver listening on port 7777
[2019.01.02-05.29.14:391][769]LogWorld: Bringing World /Game/Maps/Map1.Map1 up for play (max tick rate 0) at 2019.01.02-06.29.14
[2019.01.02-05.29.14:391][769]LogWorld: Bringing up level for play took: 0.002508
[2019.01.02-05.29.14:396][769]LogLoad: Took 0.367324 seconds to LoadMap(/Game/Maps/Map1)
[2019.01.02-05.29.31:440][824]LogOnlineSession: STEAM: Updating lobby joinability to true.
[2019.01.02-05.29.35:600][ 81]LogNet: NotifyAcceptingConnection accepted from: 76561198391680452:7777
[2019.01.02-05.29.35:600][ 81]LogHandshake: SendConnectChallenge. Timestamp: 21.851297, Cookie: 018207078241019172074153136065137027246048211106066103162112
[2019.01.02-05.29.35:600][ 81]LogNet: NotifyAcceptingConnection accepted from: 76561198391680452:7777
[2019.01.02-05.29.35:600][ 81]LogHandshake: SendConnectChallenge. Timestamp: 21.851297, Cookie: 018207078241019172074153136065137027246048211106066103162112
[2019.01.02-05.29.35:600][ 81]LogNet: NotifyAcceptingConnection accepted from: 76561198391680452:7777
[2019.01.02-05.29.35:600][ 81]LogHandshake: SendConnectChallenge. Timestamp: 21.851297, Cookie: 018207078241019172074153136065137027246048211106066103162112
[2019.01.02-05.29.35:600][ 81]LogNet: NotifyAcceptingConnection accepted from: 76561198391680452:7777
[2019.01.02-05.29.35:600][ 81]LogHandshake: SendConnectChallenge. Timestamp: 21.851297, Cookie: 018207078241019172074153136065137027246048211106066103162112
[2019.01.02-05.29.35:600][ 81]LogNet: NotifyAcceptingConnection accepted from: 76561198391680452:7777
[2019.01.02-05.29.35:601][ 81]LogHandshake: SendConnectChallenge. Timestamp: 21.851297, Cookie: 018207078241019172074153136065137027246048211106066103162112
[2019.01.02-05.29.35:632][ 83]LogNet: NotifyAcceptingConnection accepted from: 76561198391680452:7777
[2019.01.02-05.29.35:632][ 83]LogHandshake: SendChallengeAck. InCookie: 018207078241019172074153136065137027246048211106066103162112
[2019.01.02-05.29.35:632][ 83]LogNet: Server accepting post-challenge connection from: 76561198391680452:7777
[2019.01.02-05.29.35:633][ 83]PacketHandlerLog: Loaded PacketHandler component: Engine.EngineHandlerComponentFactory (StatelessConnectHandlerComponent)
[2019.01.02-05.29.35:633][ 83]LogNet: NotifyAcceptedConnection: Name: Map1, TimeStamp: 01/02/19 06:29:35, [UNetConnection] RemoteAddr: 76561198391680452:7777, Name: SteamNetConnection_0, Driver: GameNetDriver SteamNetDriver_0, IsServer: YES, PC: NULL, Owner: NULL, UniqueId: INVALID
[2019.01.02-05.29.35:633][ 83]LogNet: AddClientConnection: Added client connection: [UNetConnection] RemoteAddr: 76561198391680452:7777, Name: SteamNetConnection_0, Driver: GameNetDriver SteamNetDriver_0, IsServer: YES, PC: NULL, Owner: NULL, UniqueId: INVALID
[2019.01.02-05.29.35:633][ 83]LogHandshake: Received unexpected post-connect handshake packet - resending ack.
[2019.01.02-05.29.35:633][ 83]LogHandshake: SendChallengeAck. InCookie: 018207078241019172074153136065137027246048211106066103162112
[2019.01.02-05.29.35:633][ 83]LogHandshake: Received unexpected post-connect handshake packet - resending ack.
[2019.01.02-05.29.35:633][ 83]LogHandshake: SendChallengeAck. InCookie: 018207078241019172074153136065137027246048211106066103162112
[2019.01.02-05.29.35:633][ 83]LogHandshake: Received unexpected post-connect handshake packet - resending ack.
[2019.01.02-05.29.35:633][ 83]LogHandshake: SendChallengeAck. InCookie: 018207078241019172074153136065137027246048211106066103162112
[2019.01.02-05.29.35:633][ 83]LogHandshake: Received unexpected post-connect handshake packet - resending ack.
[2019.01.02-05.29.35:633][ 83]LogHandshake: SendChallengeAck. InCookie: 018207078241019172074153136065137027246048211106066103162112
[2019.01.02-05.29.35:664][ 85]LogNet: NotifyAcceptingChannel Control 0 server World /Game/Maps/Map1.Map1: Accepted
[2019.01.02-05.29.35:664][ 85]LogNet: Remote platform little endian=1
[2019.01.02-05.29.35:664][ 85]LogNet: This platform little endian=1
[2019.01.02-05.29.35:664][ 85]LogNetVersion: Pralind 1.0.0.0, NetCL: 4541578, EngineNetVer: 5, GameNetVer: 0 (Checksum: 3692811673)
[2019.01.02-05.29.35:697][ 87]LogNet: Login request: /Game/Maps/Menu_Map?Name=Cordsen userId: STEAM:Cordsen [0x199AE146E00] platform: STEAM
[2019.01.02-05.29.35:728][ 89]LogNet: Client netspeed is 10000
[2019.01.02-05.29.35:826][ 95]LogNet: Join request: /Game/Maps/Menu_Map?Name=Cordsen?SplitscreenCount=1
[2019.01.02-05.29.35:829][ 95]LogNet: Join succeeded: Cordsen
[2019.01.02-05.29.36:051][109]LogNet: Server connection received: ActorChannelFailure
[2019.01.02-05.29.47:929][845]LogNet: UChannel::ReceivedSequencedBunch: Bunch.bClose == true. ChIndex == 0. Calling ConditionalCleanUp.
[2019.01.02-05.29.47:929][845]LogNet: UChannel::CleanUp: ChIndex == 0. Closing connection. [UChannel] ChIndex: 0, Closing: 0 [UNetConnection] RemoteAddr: 76561198391680452:7777, Name: SteamNetConnection_0, Driver: GameNetDriver SteamNetDriver_0, IsServer: YES, PC: PlayerController_1, Owner: PlayerController_1, UniqueId: STEAM:Cordsen [0x199AE1454E0]
[2019.01.02-05.29.47:929][845]LogNet: UNetConnection::Close: [UNetConnection] RemoteAddr: 76561198391680452:7777, Name: SteamNetConnection_0, Driver: GameNetDriver SteamNetDriver_0, IsServer: YES, PC: PlayerController_1, Owner: PlayerController_1, UniqueId: STEAM:Cordsen [0x199AE1454E0], Channels: 11, Time: 2019.01.02-05.29.47
[2019.01.02-05.29.47:929][845]LogNet: UChannel::Close: Sending CloseBunch. ChIndex == 0. Name: [UChannel] ChIndex: 0, Closing: 0 [UNetConnection] RemoteAddr: 76561198391680452:7777, Name: SteamNetConnection_0, Driver: GameNetDriver SteamNetDriver_0, IsServer: YES, PC: PlayerController_1, Owner: PlayerController_1, UniqueId: STEAM:Cordsen [0x199AE1454E0]
[2019.01.02-05.29.47:946][846]LogOnline: STEAM: Removing P2P Session Id: Cordsen [0x199AE1459C0], IdleTime: 0.017
[2019.01.02-05.29.50:512][  6]LogOnlineSession: STEAM: Updating lobby joinability to true.
