Log file open, 01/02/19 06:04:03
LogWindows: Failed to load 'aqProf.dll' (GetLastError=126)
LogWindows: File 'aqProf.dll' does not exist
LogWindows: Failed to load 'VtuneApi.dll' (GetLastError=126)
LogWindows: File 'VtuneApi.dll' does not exist
LogWindows: Failed to load 'VtuneApi32e.dll' (GetLastError=126)
LogWindows: File 'VtuneApi32e.dll' does not exist
LogConsoleResponse: Display: Failed to find resolution value strings in scalability ini. Falling back to default.
LogInit: Display: Running engine for game: Pralind
LogPakFile: Registered encryption key '00000000000000000000000000000000': 0 pak files mounted, 0 remain pending
LogPlatformFile: Not using cached read wrapper
LogTaskGraph: Started task graph with 5 named threads and 23 total threads with 3 sets of task threads.
LogStats: Stats thread started at 0.337088
LogD3D11RHI: Loaded GFSDK_Aftermath_Lib.x64.dll
LogICUInternationalization: ICU TimeZone Detection - Raw Offset: +1:00, Platform Override: ''
LogPluginManager: Mounting plugin Paper2D
LogPluginManager: Mounting plugin AdvancedSessions
LogPluginManager: Mounting plugin AdvancedSteamSessions
LogPluginManager: Mounting plugin AISupport
LogPluginManager: Mounting plugin LightPropagationVolume
LogPluginManager: Mounting plugin ActorLayerUtilities
LogPluginManager: Mounting plugin CLionSourceCodeAccess
LogPluginManager: Mounting plugin CodeLiteSourceCodeAccess
LogPluginManager: Mounting plugin GitSourceControl
LogPluginManager: Mounting plugin KDevelopSourceCodeAccess
LogPluginManager: Mounting plugin NullSourceCodeAccess
LogPluginManager: Mounting plugin PerforceSourceControl
LogPluginManager: Mounting plugin SubversionSourceControl
LogPluginManager: Mounting plugin UObjectPlugin
LogPluginManager: Mounting plugin VisualStudioCodeSourceCodeAccess
LogPluginManager: Mounting plugin VisualStudioSourceCodeAccess
LogPluginManager: Mounting plugin XCodeSourceCodeAccess
LogPluginManager: Mounting plugin AssetManagerEditor
LogPluginManager: Mounting plugin CryptoKeys
LogPluginManager: Mounting plugin DataValidation
LogPluginManager: Mounting plugin FacialAnimation
LogPluginManager: Mounting plugin GameplayTagsEditor
LogPluginManager: Mounting plugin MacGraphicsSwitching
LogPluginManager: Mounting plugin MeshEditor
LogPluginManager: Mounting plugin MobileLauncherProfileWizard
LogPluginManager: Mounting plugin PluginBrowser
LogPluginManager: Mounting plugin SpeedTreeImporter
LogPluginManager: Mounting plugin DatasmithContent
LogPluginManager: Mounting plugin VariantManagerContent
LogPluginManager: Mounting plugin AlembicImporter
LogPluginManager: Mounting plugin AppleImageUtils
LogPluginManager: Mounting plugin AppleVision
LogPluginManager: Mounting plugin BackChannel
LogPluginManager: Mounting plugin CharacterAI
LogPluginManager: Mounting plugin GeometryCache
LogPluginManager: Mounting plugin HTML5Networking
LogPluginManager: Mounting plugin ProxyLODPlugin
LogPluginManager: Mounting plugin MagicLeap
LogPluginManager: Mounting plugin MagicLeapMedia
LogPluginManager: Mounting plugin AndroidMedia
LogPluginManager: Mounting plugin AvfMedia
LogPluginManager: Mounting plugin ImgMedia
LogPluginManager: Mounting plugin LinearTimecode
LogPluginManager: Mounting plugin MediaCompositing
LogPluginManager: Mounting plugin MediaPlayerEditor
LogPluginManager: Mounting plugin WebMMedia
LogPluginManager: Mounting plugin WmfMedia
LogPluginManager: Mounting plugin TcpMessaging
LogPluginManager: Mounting plugin UdpMessaging
LogPluginManager: Mounting plugin ActorSequence
LogPluginManager: Mounting plugin LevelSequenceEditor
LogPluginManager: Mounting plugin MatineeToLevelSequence
LogPluginManager: Mounting plugin NetcodeUnitTest
LogPluginManager: Mounting plugin NUTUnrealEngine4
LogPluginManager: Mounting plugin OnlineSubsystemGooglePlay
LogPluginManager: Mounting plugin OnlineSubsystemIOS
LogPluginManager: Mounting plugin OnlineSubsystem
LogPluginManager: Mounting plugin OnlineSubsystemNull
LogPluginManager: Mounting plugin OnlineSubsystemSteam
LogPluginManager: Mounting plugin OnlineSubsystemUtils
LogPluginManager: Mounting plugin LauncherChunkInstaller
LogPluginManager: Mounting plugin AndroidDeviceProfileSelector
LogPluginManager: Mounting plugin AndroidMoviePlayer
LogPluginManager: Mounting plugin AndroidPermission
LogPluginManager: Mounting plugin AppleMoviePlayer
LogPluginManager: Mounting plugin ArchVisCharacter
LogPluginManager: Mounting plugin AudioCapture
LogPluginManager: Mounting plugin CableComponent
LogPluginManager: Mounting plugin CustomMeshComponent
LogPluginManager: Mounting plugin EditableMesh
LogPluginManager: Mounting plugin ExampleDeviceProfileSelector
LogPluginManager: Mounting plugin Firebase
LogPluginManager: Mounting plugin GoogleCloudMessaging
LogPluginManager: Mounting plugin IOSDeviceProfileSelector
LogPluginManager: Mounting plugin LinuxDeviceProfileSelector
LogPluginManager: Mounting plugin LocationServicesBPLibrary
LogPluginManager: Mounting plugin MobilePatchingUtils
LogPluginManager: Mounting plugin OculusVR
LogPluginManager: Mounting plugin PhysXVehicles
LogPluginManager: Mounting plugin ProceduralMeshComponent
LogPluginManager: Mounting plugin RuntimePhysXCooking
LogPluginManager: Mounting plugin SteamVR
LogPluginManager: Mounting plugin WebMMoviePlayer
LogPluginManager: Mounting plugin WindowsMoviePlayer
LogStreaming: Display: Took  0.090s to configure plugins.
LogInit: Using libcurl 7.55.1-DEV
LogInit:  - built for x86_64-pc-win32
LogInit:  - supports SSL with OpenSSL/1.0.2h
LogInit:  - supports HTTP deflate (compression) using libz 1.2.8
LogInit:  - other features:
LogInit:      CURL_VERSION_SSL
LogInit:      CURL_VERSION_LIBZ
LogInit:      CURL_VERSION_IPV6
LogInit:      CURL_VERSION_ASYNCHDNS
LogInit:      CURL_VERSION_LARGEFILE
LogInit:      CURL_VERSION_IDN
LogInit:  CurlRequestOptions (configurable via config and command line):
LogInit:  - bVerifyPeer = true  - Libcurl will verify peer certificate
LogInit:  - bUseHttpProxy = false  - Libcurl will NOT use HTTP proxy
LogInit:  - bDontReuseConnections = false  - Libcurl will reuse connections
LogInit:  - MaxHostConnections = 16  - Libcurl will limit the number of connections to a host
LogInit:  - LocalHostAddr = Default
LogInit:  - BufferSize = 65536
LogOnline: Display: STEAM: Loading Steam SDK 1.39
LogOnline: STEAM: Steam User is subscribed 1
LogOnline: STEAM: [AppId: 480] Client API initialized 1
LogOnline: STEAM: [AppId: 480] Game Server API initialized 1
LogInit: WinSock: version 1.1 (2.2), MaxSocks=32767, MaxUdp=65467
LogInit: Build: ++UE4+Release-4.21-CL-4613538
LogInit: Engine Version: 4.21.1-4613538+++UE4+Release-4.21
LogInit: Compatible Engine Version: 4.21.0-4541578+++UE4+Release-4.21
LogInit: Net CL: 4541578
LogInit: OS: Windows 10 (), CPU:         Intel(R) Core(TM) i7-3820 CPU @ 3.60GHz, GPU: NVIDIA GeForce GTX 1050 Ti
LogInit: Compiled (64-bit): Nov 30 2018 04:13:25
LogInit: Compiled with Visual C++: 19.13.26129.00
LogInit: Build Configuration: Development
LogInit: Branch Name: ++UE4+Release-4.21
LogInit: Command Line:  /Game/Maps/Menu_Map -game -PIEVIACONSOLE -ResX=1280 -ResY=720 -Multiprocess -messaging -SessionName="Play in Standalone Game" -windowed
LogInit: Base Directory: D:/UE/UE_4.21/Engine/Binaries/Win64/
LogInit: Installed Engine Build: 1
LogDevObjectVersion: Number of dev versions registered: 22
LogDevObjectVersion:   Dev-Blueprints (B0D832E4-1F89-4F0D-ACCF-7EB736FD4AA2): 10
LogDevObjectVersion:   Dev-Build (E1C64328-A22C-4D53-A36C-8E866417BD8C): 0
LogDevObjectVersion:   Dev-Core (375EC13C-06E4-48FB-B500-84F0262A717E): 2
LogDevObjectVersion:   Dev-Editor (E4B068ED-F494-42E9-A231-DA0B2E46BB41): 26
LogDevObjectVersion:   Dev-Framework (CFFC743F-43B0-4480-9391-14DF171D2073): 34
LogDevObjectVersion:   Dev-Mobile (B02B49B5-BB20-44E9-A304-32B752E40360): 2
LogDevObjectVersion:   Dev-Networking (A4E4105C-59A1-49B5-A7C5-40C4547EDFEE): 0
LogDevObjectVersion:   Dev-Online (39C831C9-5AE6-47DC-9A44-9C173E1C8E7C): 0
LogDevObjectVersion:   Dev-Physics (78F01B33-EBEA-4F98-B9B4-84EACCB95AA2): 0
LogDevObjectVersion:   Dev-Platform (6631380F-2D4D-43E0-8009-CF276956A95A): 0
LogDevObjectVersion:   Dev-Rendering (12F88B9F-8875-4AFC-A67C-D90C383ABD29): 27
LogDevObjectVersion:   Dev-Sequencer (7B5AE74C-D270-4C10-A958-57980B212A5A): 9
LogDevObjectVersion:   Dev-VR (D7296918-1DD6-4BDD-9DE2-64A83CC13884): 2
LogDevObjectVersion:   Dev-LoadTimes (C2A15278-BFE7-4AFE-6C17-90FF531DF755): 1
LogDevObjectVersion:   Private-Geometry (6EACA3D4-40EC-4CC1-B786-8BED09428FC5): 3
LogDevObjectVersion:   Dev-AnimPhys (29E575DD-E0A3-4627-9D10-D276232CDCEA): 17
LogDevObjectVersion:   Dev-Anim (AF43A65D-7FD3-4947-9873-3E8ED9C1BB05): 2
LogDevObjectVersion:   Dev-ReflectionCapture (6B266CEC-1EC7-4B8F-A30B-E4D90942FC07): 1
LogDevObjectVersion:   Dev-Automation (0DF73D61-A23F-47EA-B727-89E90C41499A): 1
LogDevObjectVersion:   FortniteMain (601D1886-AC64-4F84-AA16-D3DE0DEAC7D6): 17
LogDevObjectVersion:   Dev-Enterprise (9DFFBCD6-494F-0158-E221-12823C92A888): 4
LogDevObjectVersion:   Dev-Niagara (F2AED0AC-9AFE-416F-8664-AA7FFA26D6FC): 1
LogStreaming: Display: Took  0.009s to delete old logs.
LogInit: Presizing for max 8388607 objects, including 0 objects not considered by GC, pre-allocating 0 bytes for permanent pool.
LogInit: Object subsystem initialized
LogConfig: Setting CVar [[con.DebugEarlyDefault:1]]
LogConfig: Setting CVar [[r.setres:1280x720]]
[2019.01.02-05.04.04:222][  0]LogConfig: Setting CVar [[con.DebugEarlyDefault:1]]
[2019.01.02-05.04.04:223][  0]LogConfig: Setting CVar [[r.setres:1280x720]]
[2019.01.02-05.04.04:223][  0]LogConfig: Applying CVar settings from Section [/Script/Engine.RendererSettings] File [C:/Users/nkm/Documents/GitHub/Pralind/Saved/Config/Windows/Engine.ini]
[2019.01.02-05.04.04:223][  0]LogConfig: Setting CVar [[r.GPUCrashDebugging:0]]
[2019.01.02-05.04.04:223][  0]LogConfig: Applying CVar settings from Section [/Script/Engine.RendererOverrideSettings] File [C:/Users/nkm/Documents/GitHub/Pralind/Saved/Config/Windows/Engine.ini]
[2019.01.02-05.04.04:223][  0]LogConfig: Applying CVar settings from Section [/Script/Engine.StreamingSettings] File [C:/Users/nkm/Documents/GitHub/Pralind/Saved/Config/Windows/Engine.ini]
[2019.01.02-05.04.04:223][  0]LogConfig: Setting CVar [[s.MinBulkDataSizeForAsyncLoading:131072]]
[2019.01.02-05.04.04:223][  0]LogConfig: Setting CVar [[s.AsyncLoadingThreadEnabled:0]]
[2019.01.02-05.04.04:223][  0]LogConfig: Setting CVar [[s.EventDrivenLoaderEnabled:1]]
[2019.01.02-05.04.04:223][  0]LogConfig: Setting CVar [[s.WarnIfTimeLimitExceeded:0]]
[2019.01.02-05.04.04:223][  0]LogConfig: Setting CVar [[s.TimeLimitExceededMultiplier:1.5]]
[2019.01.02-05.04.04:223][  0]LogConfig: Setting CVar [[s.TimeLimitExceededMinTime:0.005]]
[2019.01.02-05.04.04:223][  0]LogConfig: Setting CVar [[s.UseBackgroundLevelStreaming:1]]
[2019.01.02-05.04.04:223][  0]LogConfig: Setting CVar [[s.PriorityAsyncLoadingExtraTime:15.0]]
[2019.01.02-05.04.04:223][  0]LogConfig: Setting CVar [[s.LevelStreamingActorsUpdateTimeLimit:5.0]]
[2019.01.02-05.04.04:223][  0]LogConfig: Setting CVar [[s.PriorityLevelStreamingActorsUpdateExtraTime:5.0]]
[2019.01.02-05.04.04:223][  0]LogConfig: Setting CVar [[s.LevelStreamingComponentsRegistrationGranularity:10]]
[2019.01.02-05.04.04:223][  0]LogConfig: Setting CVar [[s.UnregisterComponentsTimeLimit:1.0]]
[2019.01.02-05.04.04:223][  0]LogConfig: Setting CVar [[s.LevelStreamingComponentsUnregistrationGranularity:5]]
[2019.01.02-05.04.04:223][  0]LogConfig: Applying CVar settings from Section [/Script/Engine.GarbageCollectionSettings] File [C:/Users/nkm/Documents/GitHub/Pralind/Saved/Config/Windows/Engine.ini]
[2019.01.02-05.04.04:223][  0]LogConfig: Setting CVar [[gc.MaxObjectsNotConsideredByGC:1]]
[2019.01.02-05.04.04:223][  0]LogConfig: Setting CVar [[gc.SizeOfPermanentObjectPool:0]]
[2019.01.02-05.04.04:223][  0]LogConfig: Setting CVar [[gc.FlushStreamingOnGC:0]]
[2019.01.02-05.04.04:223][  0]LogConfig: Setting CVar [[gc.NumRetriesBeforeForcingGC:10]]
[2019.01.02-05.04.04:223][  0]LogConfig: Setting CVar [[gc.AllowParallelGC:1]]
[2019.01.02-05.04.04:223][  0]LogConfig: Setting CVar [[gc.TimeBetweenPurgingPendingKillObjects:61.1]]
[2019.01.02-05.04.04:223][  0]LogConfig: Setting CVar [[gc.MaxObjectsInEditor:8388607]]
[2019.01.02-05.04.04:223][  0]LogConfig: Setting CVar [[gc.IncrementalBeginDestroyEnabled:1]]
[2019.01.02-05.04.04:223][  0]LogConfig: Setting CVar [[gc.CreateGCClusters:1]]
[2019.01.02-05.04.04:223][  0]LogConfig: Setting CVar [[gc.MergeGCClusters:0]]
[2019.01.02-05.04.04:223][  0]LogConfig: Setting CVar [[gc.MinGCClusterSize:5]]
[2019.01.02-05.04.04:223][  0]LogConfig: Setting CVar [[gc.ActorClusteringEnabled:0]]
[2019.01.02-05.04.04:223][  0]LogConfig: Setting CVar [[gc.BlueprintClusteringEnabled:0]]
[2019.01.02-05.04.04:223][  0]LogConfig: Setting CVar [[gc.UseDisregardForGCOnDedicatedServers:0]]
[2019.01.02-05.04.04:223][  0]LogConfig: Applying CVar settings from Section [/Script/Engine.NetworkSettings] File [C:/Users/nkm/Documents/GitHub/Pralind/Saved/Config/Windows/Engine.ini]
[2019.01.02-05.04.04:223][  0]LogConfig: Applying CVar settings from Section [/Script/UnrealEd.CookerSettings] File [C:/Users/nkm/Documents/GitHub/Pralind/Saved/Config/Windows/Engine.ini]
[2019.01.02-05.04.04:230][  0]LogConfig: Applying CVar settings from Section [ViewDistanceQuality@3] File [C:/Users/nkm/Documents/GitHub/Pralind/Saved/Config/Windows/Scalability.ini]
[2019.01.02-05.04.04:230][  0]LogConfig: Setting CVar [[r.SkeletalMeshLODBias:0]]
[2019.01.02-05.04.04:230][  0]LogConfig: Setting CVar [[r.ViewDistanceScale:1.0]]
[2019.01.02-05.04.04:230][  0]LogConfig: Applying CVar settings from Section [AntiAliasingQuality@3] File [C:/Users/nkm/Documents/GitHub/Pralind/Saved/Config/Windows/Scalability.ini]
[2019.01.02-05.04.04:230][  0]LogConfig: Setting CVar [[r.PostProcessAAQuality:4]]
[2019.01.02-05.04.04:230][  0]LogConfig: Applying CVar settings from Section [ShadowQuality@3] File [C:/Users/nkm/Documents/GitHub/Pralind/Saved/Config/Windows/Scalability.ini]
[2019.01.02-05.04.04:230][  0]LogConfig: Setting CVar [[r.LightFunctionQuality:1]]
[2019.01.02-05.04.04:230][  0]LogConfig: Setting CVar [[r.ShadowQuality:5]]
[2019.01.02-05.04.04:230][  0]LogConfig: Setting CVar [[r.Shadow.CSM.MaxCascades:10]]
[2019.01.02-05.04.04:230][  0]LogConfig: Setting CVar [[r.Shadow.MaxResolution:2048]]
[2019.01.02-05.04.04:230][  0]LogConfig: Setting CVar [[r.Shadow.MaxCSMResolution:2048]]
[2019.01.02-05.04.04:230][  0]LogConfig: Setting CVar [[r.Shadow.RadiusThreshold:0.01]]
[2019.01.02-05.04.04:230][  0]LogConfig: Setting CVar [[r.Shadow.DistanceScale:1.0]]
[2019.01.02-05.04.04:231][  0]LogConfig: Setting CVar [[r.Shadow.CSM.TransitionScale:1.0]]
[2019.01.02-05.04.04:231][  0]LogConfig: Setting CVar [[r.Shadow.PreShadowResolutionFactor:1.0]]
[2019.01.02-05.04.04:231][  0]LogConfig: Setting CVar [[r.DistanceFieldShadowing:1]]
[2019.01.02-05.04.04:231][  0]LogConfig: Setting CVar [[r.DistanceFieldAO:1]]
[2019.01.02-05.04.04:231][  0]LogConfig: Setting CVar [[r.AOQuality:2]]
[2019.01.02-05.04.04:231][  0]LogConfig: Setting CVar [[r.VolumetricFog:1]]
[2019.01.02-05.04.04:231][  0]LogConfig: Setting CVar [[r.VolumetricFog.GridPixelSize:8]]
[2019.01.02-05.04.04:231][  0]LogConfig: Setting CVar [[r.VolumetricFog.GridSizeZ:128]]
[2019.01.02-05.04.04:231][  0]LogConfig: Setting CVar [[r.VolumetricFog.HistoryMissSupersampleCount:4]]
[2019.01.02-05.04.04:231][  0]LogConfig: Setting CVar [[r.LightMaxDrawDistanceScale:1]]
[2019.01.02-05.04.04:231][  0]LogConfig: Setting CVar [[r.CapsuleShadows:1]]
[2019.01.02-05.04.04:231][  0]LogConfig: Applying CVar settings from Section [PostProcessQuality@3] File [C:/Users/nkm/Documents/GitHub/Pralind/Saved/Config/Windows/Scalability.ini]
[2019.01.02-05.04.04:231][  0]LogConfig: Setting CVar [[r.MotionBlurQuality:4]]
[2019.01.02-05.04.04:231][  0]LogConfig: Setting CVar [[r.AmbientOcclusionMipLevelFactor:0.4]]
[2019.01.02-05.04.04:231][  0]LogConfig: Setting CVar [[r.AmbientOcclusionMaxQuality:100]]
[2019.01.02-05.04.04:231][  0]LogConfig: Setting CVar [[r.AmbientOcclusionLevels:-1]]
[2019.01.02-05.04.04:231][  0]LogConfig: Setting CVar [[r.AmbientOcclusionRadiusScale:1.0]]
[2019.01.02-05.04.04:231][  0]LogConfig: Setting CVar [[r.DepthOfFieldQuality:2]]
[2019.01.02-05.04.04:231][  0]LogConfig: Setting CVar [[r.RenderTargetPoolMin:400]]
[2019.01.02-05.04.04:231][  0]LogConfig: Setting CVar [[r.LensFlareQuality:2]]
[2019.01.02-05.04.04:231][  0]LogConfig: Setting CVar [[r.SceneColorFringeQuality:1]]
[2019.01.02-05.04.04:231][  0]LogConfig: Setting CVar [[r.EyeAdaptationQuality:2]]
[2019.01.02-05.04.04:231][  0]LogConfig: Setting CVar [[r.BloomQuality:5]]
[2019.01.02-05.04.04:231][  0]LogConfig: Setting CVar [[r.FastBlurThreshold:100]]
[2019.01.02-05.04.04:231][  0]LogConfig: Setting CVar [[r.Upscale.Quality:3]]
[2019.01.02-05.04.04:231][  0]LogConfig: Setting CVar [[r.Tonemapper.GrainQuantization:1]]
[2019.01.02-05.04.04:231][  0]LogConfig: Setting CVar [[r.LightShaftQuality:1]]
[2019.01.02-05.04.04:231][  0]LogConfig: Setting CVar [[r.Filter.SizeScale:1]]
[2019.01.02-05.04.04:231][  0]LogConfig: Setting CVar [[r.Tonemapper.Quality:5]]
[2019.01.02-05.04.04:232][  0]LogConfig: Setting CVar [[r.DOF.Gather.AccumulatorQuality:1        ; higher gathering accumulator quality]]
[2019.01.02-05.04.04:232][  0]LogConfig: Setting CVar [[r.DOF.Gather.PostfilterMethod:1          ; Median3x3 postfilering method]]
[2019.01.02-05.04.04:232][  0]LogConfig: Setting CVar [[r.DOF.Gather.EnableBokehSettings:0       ; no bokeh simulation when gathering]]
[2019.01.02-05.04.04:232][  0]LogConfig: Setting CVar [[r.DOF.Gather.RingCount:4                 ; medium number of samples when gathering]]
[2019.01.02-05.04.04:232][  0]LogConfig: Setting CVar [[r.DOF.Scatter.ForegroundCompositing:1    ; additive foreground scattering]]
[2019.01.02-05.04.04:232][  0]LogConfig: Setting CVar [[r.DOF.Scatter.BackgroundCompositing:2    ; additive background scattering]]
[2019.01.02-05.04.04:232][  0]LogConfig: Setting CVar [[r.DOF.Scatter.EnableBokehSettings:1      ; bokeh simulation when scattering]]
[2019.01.02-05.04.04:232][  0]LogConfig: Setting CVar [[r.DOF.Scatter.MaxSpriteRatio:0.1         ; only a maximum of 10% of scattered bokeh]]
[2019.01.02-05.04.04:232][  0]LogConfig: Setting CVar [[r.DOF.Recombine.Quality:1                ; cheap slight out of focus]]
[2019.01.02-05.04.04:232][  0]LogConfig: Setting CVar [[r.DOF.Recombine.EnableBokehSettings:0    ; no bokeh simulation on slight out of focus]]
[2019.01.02-05.04.04:232][  0]LogConfig: Setting CVar [[r.DOF.TemporalAAQuality:1                ; more stable temporal accumulation]]
[2019.01.02-05.04.04:232][  0]LogConfig: Setting CVar [[r.DOF.Kernel.MaxForegroundRadius:0.025]]
[2019.01.02-05.04.04:232][  0]LogConfig: Setting CVar [[r.DOF.Kernel.MaxBackgroundRadius:0.025]]
[2019.01.02-05.04.04:232][  0]LogConfig: Applying CVar settings from Section [TextureQuality@3] File [C:/Users/nkm/Documents/GitHub/Pralind/Saved/Config/Windows/Scalability.ini]
[2019.01.02-05.04.04:232][  0]LogConfig: Setting CVar [[r.Streaming.MipBias:0]]
[2019.01.02-05.04.04:232][  0]LogConfig: Setting CVar [[r.Streaming.AmortizeCPUToGPUCopy:0]]
[2019.01.02-05.04.04:232][  0]LogConfig: Setting CVar [[r.Streaming.MaxNumTexturesToStreamPerFrame:0]]
[2019.01.02-05.04.04:232][  0]LogConfig: Setting CVar [[r.Streaming.Boost:1]]
[2019.01.02-05.04.04:232][  0]LogConfig: Setting CVar [[r.MaxAnisotropy:8]]
[2019.01.02-05.04.04:232][  0]LogConfig: Setting CVar [[r.Streaming.LimitPoolSizeToVRAM:0]]
[2019.01.02-05.04.04:232][  0]LogConfig: Setting CVar [[r.Streaming.PoolSize:1000]]
[2019.01.02-05.04.04:232][  0]LogConfig: Setting CVar [[r.Streaming.MaxEffectiveScreenSize:0]]
[2019.01.02-05.04.04:232][  0]LogConfig: Applying CVar settings from Section [EffectsQuality@3] File [C:/Users/nkm/Documents/GitHub/Pralind/Saved/Config/Windows/Scalability.ini]
[2019.01.02-05.04.04:232][  0]LogConfig: Setting CVar [[r.TranslucencyLightingVolumeDim:64]]
[2019.01.02-05.04.04:232][  0]LogConfig: Setting CVar [[r.RefractionQuality:2]]
[2019.01.02-05.04.04:232][  0]LogConfig: Setting CVar [[r.SSR.Quality:3]]
[2019.01.02-05.04.04:232][  0]LogConfig: Setting CVar [[r.SceneColorFormat:4]]
[2019.01.02-05.04.04:232][  0]LogConfig: Setting CVar [[r.DetailMode:2]]
[2019.01.02-05.04.04:233][  0]LogConfig: Setting CVar [[r.TranslucencyVolumeBlur:1]]
[2019.01.02-05.04.04:233][  0]LogConfig: Setting CVar [[r.MaterialQualityLevel:1 ; High quality]]
[2019.01.02-05.04.04:233][  0]LogConfig: Setting CVar [[r.SSS.Scale:1]]
[2019.01.02-05.04.04:233][  0]LogConfig: Setting CVar [[r.SSS.SampleSet:2]]
[2019.01.02-05.04.04:233][  0]LogConfig: Setting CVar [[r.SSS.Quality:1]]
[2019.01.02-05.04.04:233][  0]LogConfig: Setting CVar [[r.SSS.HalfRes:1]]
[2019.01.02-05.04.04:233][  0]LogConfig: Setting CVar [[r.EmitterSpawnRateScale:1.0]]
[2019.01.02-05.04.04:233][  0]LogConfig: Setting CVar [[r.ParticleLightQuality:2]]
[2019.01.02-05.04.04:233][  0]LogConfig: Applying CVar settings from Section [FoliageQuality@3] File [C:/Users/nkm/Documents/GitHub/Pralind/Saved/Config/Windows/Scalability.ini]
[2019.01.02-05.04.04:233][  0]LogConfig: Setting CVar [[foliage.DensityScale:1.0]]
[2019.01.02-05.04.04:233][  0]LogConfig: Setting CVar [[grass.DensityScale:1.0]]
[2019.01.02-05.04.04:233][  0]LogInit: Selected Device Profile: [Windows]
[2019.01.02-05.04.04:233][  0]LogInit: Applying CVar settings loaded from the selected device profile: [Windows]
[2019.01.02-05.04.04:241][  0]LogHAL: Display: Platform has ~ 16 GB [17155100672 / 17179869184 / 16], which maps to Larger [LargestMinGB=32, LargerMinGB=12, DefaultMinGB=8, SmallerMinGB=6, SmallestMinGB=0)
[2019.01.02-05.04.04:241][  0]LogConfig: Setting CVar [[r.Vulkan.UseRealUBs:1]]
[2019.01.02-05.04.04:241][  0]LogInit: Going up to parent DeviceProfile []
[2019.01.02-05.04.04:241][  0]LogConfig: Applying CVar settings from Section [ViewDistanceQuality@3] File [C:/Users/nkm/Documents/GitHub/Pralind/Saved/Config/Windows/Scalability.ini]
[2019.01.02-05.04.04:241][  0]LogConfig: Setting CVar [[r.SkeletalMeshLODBias:0]]
[2019.01.02-05.04.04:241][  0]LogConfig: Setting CVar [[r.ViewDistanceScale:1.0]]
[2019.01.02-05.04.04:242][  0]LogConfig: Applying CVar settings from Section [AntiAliasingQuality@3] File [C:/Users/nkm/Documents/GitHub/Pralind/Saved/Config/Windows/Scalability.ini]
[2019.01.02-05.04.04:242][  0]LogConfig: Setting CVar [[r.PostProcessAAQuality:4]]
[2019.01.02-05.04.04:242][  0]LogConfig: Applying CVar settings from Section [ShadowQuality@3] File [C:/Users/nkm/Documents/GitHub/Pralind/Saved/Config/Windows/Scalability.ini]
[2019.01.02-05.04.04:242][  0]LogConfig: Setting CVar [[r.LightFunctionQuality:1]]
[2019.01.02-05.04.04:242][  0]LogConfig: Setting CVar [[r.ShadowQuality:5]]
[2019.01.02-05.04.04:242][  0]LogConfig: Setting CVar [[r.Shadow.CSM.MaxCascades:10]]
[2019.01.02-05.04.04:242][  0]LogConfig: Setting CVar [[r.Shadow.MaxResolution:2048]]
[2019.01.02-05.04.04:242][  0]LogConfig: Setting CVar [[r.Shadow.MaxCSMResolution:2048]]
[2019.01.02-05.04.04:242][  0]LogConfig: Setting CVar [[r.Shadow.RadiusThreshold:0.01]]
[2019.01.02-05.04.04:242][  0]LogConfig: Setting CVar [[r.Shadow.DistanceScale:1.0]]
[2019.01.02-05.04.04:242][  0]LogConfig: Setting CVar [[r.Shadow.CSM.TransitionScale:1.0]]
[2019.01.02-05.04.04:242][  0]LogConfig: Setting CVar [[r.Shadow.PreShadowResolutionFactor:1.0]]
[2019.01.02-05.04.04:242][  0]LogConfig: Setting CVar [[r.DistanceFieldShadowing:1]]
[2019.01.02-05.04.04:242][  0]LogConfig: Setting CVar [[r.DistanceFieldAO:1]]
[2019.01.02-05.04.04:242][  0]LogConfig: Setting CVar [[r.AOQuality:2]]
[2019.01.02-05.04.04:242][  0]LogConfig: Setting CVar [[r.VolumetricFog:1]]
[2019.01.02-05.04.04:242][  0]LogConfig: Setting CVar [[r.VolumetricFog.GridPixelSize:8]]
[2019.01.02-05.04.04:242][  0]LogConfig: Setting CVar [[r.VolumetricFog.GridSizeZ:128]]
[2019.01.02-05.04.04:242][  0]LogConfig: Setting CVar [[r.VolumetricFog.HistoryMissSupersampleCount:4]]
[2019.01.02-05.04.04:242][  0]LogConfig: Setting CVar [[r.LightMaxDrawDistanceScale:1]]
[2019.01.02-05.04.04:242][  0]LogConfig: Setting CVar [[r.CapsuleShadows:1]]
[2019.01.02-05.04.04:242][  0]LogConfig: Applying CVar settings from Section [PostProcessQuality@3] File [C:/Users/nkm/Documents/GitHub/Pralind/Saved/Config/Windows/Scalability.ini]
[2019.01.02-05.04.04:242][  0]LogConfig: Setting CVar [[r.MotionBlurQuality:4]]
[2019.01.02-05.04.04:242][  0]LogConfig: Setting CVar [[r.AmbientOcclusionMipLevelFactor:0.4]]
[2019.01.02-05.04.04:242][  0]LogConfig: Setting CVar [[r.AmbientOcclusionMaxQuality:100]]
[2019.01.02-05.04.04:242][  0]LogConfig: Setting CVar [[r.AmbientOcclusionLevels:-1]]
[2019.01.02-05.04.04:242][  0]LogConfig: Setting CVar [[r.AmbientOcclusionRadiusScale:1.0]]
[2019.01.02-05.04.04:242][  0]LogConfig: Setting CVar [[r.DepthOfFieldQuality:2]]
[2019.01.02-05.04.04:242][  0]LogConfig: Setting CVar [[r.RenderTargetPoolMin:400]]
[2019.01.02-05.04.04:243][  0]LogConfig: Setting CVar [[r.LensFlareQuality:2]]
[2019.01.02-05.04.04:243][  0]LogConfig: Setting CVar [[r.SceneColorFringeQuality:1]]
[2019.01.02-05.04.04:243][  0]LogConfig: Setting CVar [[r.EyeAdaptationQuality:2]]
[2019.01.02-05.04.04:243][  0]LogConfig: Setting CVar [[r.BloomQuality:5]]
[2019.01.02-05.04.04:243][  0]LogConfig: Setting CVar [[r.FastBlurThreshold:100]]
[2019.01.02-05.04.04:243][  0]LogConfig: Setting CVar [[r.Upscale.Quality:3]]
[2019.01.02-05.04.04:243][  0]LogConfig: Setting CVar [[r.Tonemapper.GrainQuantization:1]]
[2019.01.02-05.04.04:243][  0]LogConfig: Setting CVar [[r.LightShaftQuality:1]]
[2019.01.02-05.04.04:243][  0]LogConfig: Setting CVar [[r.Filter.SizeScale:1]]
[2019.01.02-05.04.04:243][  0]LogConfig: Setting CVar [[r.Tonemapper.Quality:5]]
[2019.01.02-05.04.04:243][  0]LogConfig: Setting CVar [[r.DOF.Gather.AccumulatorQuality:1        ; higher gathering accumulator quality]]
[2019.01.02-05.04.04:243][  0]LogConfig: Setting CVar [[r.DOF.Gather.PostfilterMethod:1          ; Median3x3 postfilering method]]
[2019.01.02-05.04.04:243][  0]LogConfig: Setting CVar [[r.DOF.Gather.EnableBokehSettings:0       ; no bokeh simulation when gathering]]
[2019.01.02-05.04.04:243][  0]LogConfig: Setting CVar [[r.DOF.Gather.RingCount:4                 ; medium number of samples when gathering]]
[2019.01.02-05.04.04:243][  0]LogConfig: Setting CVar [[r.DOF.Scatter.ForegroundCompositing:1    ; additive foreground scattering]]
[2019.01.02-05.04.04:243][  0]LogConfig: Setting CVar [[r.DOF.Scatter.BackgroundCompositing:2    ; additive background scattering]]
[2019.01.02-05.04.04:243][  0]LogConfig: Setting CVar [[r.DOF.Scatter.EnableBokehSettings:1      ; bokeh simulation when scattering]]
[2019.01.02-05.04.04:243][  0]LogConfig: Setting CVar [[r.DOF.Scatter.MaxSpriteRatio:0.1         ; only a maximum of 10% of scattered bokeh]]
[2019.01.02-05.04.04:243][  0]LogConfig: Setting CVar [[r.DOF.Recombine.Quality:1                ; cheap slight out of focus]]
[2019.01.02-05.04.04:243][  0]LogConfig: Setting CVar [[r.DOF.Recombine.EnableBokehSettings:0    ; no bokeh simulation on slight out of focus]]
[2019.01.02-05.04.04:243][  0]LogConfig: Setting CVar [[r.DOF.TemporalAAQuality:1                ; more stable temporal accumulation]]
[2019.01.02-05.04.04:243][  0]LogConfig: Setting CVar [[r.DOF.Kernel.MaxForegroundRadius:0.025]]
[2019.01.02-05.04.04:243][  0]LogConfig: Setting CVar [[r.DOF.Kernel.MaxBackgroundRadius:0.025]]
[2019.01.02-05.04.04:243][  0]LogConfig: Applying CVar settings from Section [TextureQuality@3] File [C:/Users/nkm/Documents/GitHub/Pralind/Saved/Config/Windows/Scalability.ini]
[2019.01.02-05.04.04:243][  0]LogConfig: Setting CVar [[r.Streaming.MipBias:0]]
[2019.01.02-05.04.04:243][  0]LogConfig: Setting CVar [[r.Streaming.AmortizeCPUToGPUCopy:0]]
[2019.01.02-05.04.04:243][  0]LogConfig: Setting CVar [[r.Streaming.MaxNumTexturesToStreamPerFrame:0]]
[2019.01.02-05.04.04:243][  0]LogConfig: Setting CVar [[r.Streaming.Boost:1]]
[2019.01.02-05.04.04:243][  0]LogConfig: Setting CVar [[r.MaxAnisotropy:8]]
[2019.01.02-05.04.04:243][  0]LogConfig: Setting CVar [[r.Streaming.LimitPoolSizeToVRAM:0]]
[2019.01.02-05.04.04:243][  0]LogConfig: Setting CVar [[r.Streaming.PoolSize:1000]]
[2019.01.02-05.04.04:243][  0]LogConfig: Setting CVar [[r.Streaming.MaxEffectiveScreenSize:0]]
[2019.01.02-05.04.04:243][  0]LogConfig: Applying CVar settings from Section [EffectsQuality@3] File [C:/Users/nkm/Documents/GitHub/Pralind/Saved/Config/Windows/Scalability.ini]
[2019.01.02-05.04.04:244][  0]LogConfig: Setting CVar [[r.TranslucencyLightingVolumeDim:64]]
[2019.01.02-05.04.04:244][  0]LogConfig: Setting CVar [[r.RefractionQuality:2]]
[2019.01.02-05.04.04:244][  0]LogConfig: Setting CVar [[r.SSR.Quality:3]]
[2019.01.02-05.04.04:244][  0]LogConfig: Setting CVar [[r.SceneColorFormat:4]]
[2019.01.02-05.04.04:244][  0]LogConfig: Setting CVar [[r.DetailMode:2]]
[2019.01.02-05.04.04:244][  0]LogConfig: Setting CVar [[r.TranslucencyVolumeBlur:1]]
[2019.01.02-05.04.04:244][  0]LogConfig: Setting CVar [[r.MaterialQualityLevel:1 ; High quality]]
[2019.01.02-05.04.04:244][  0]LogConfig: Setting CVar [[r.SSS.Scale:1]]
[2019.01.02-05.04.04:244][  0]LogConfig: Setting CVar [[r.SSS.SampleSet:2]]
[2019.01.02-05.04.04:244][  0]LogConfig: Setting CVar [[r.SSS.Quality:1]]
[2019.01.02-05.04.04:244][  0]LogConfig: Setting CVar [[r.SSS.HalfRes:1]]
[2019.01.02-05.04.04:244][  0]LogConfig: Setting CVar [[r.EmitterSpawnRateScale:1.0]]
[2019.01.02-05.04.04:244][  0]LogConfig: Setting CVar [[r.ParticleLightQuality:2]]
[2019.01.02-05.04.04:244][  0]LogConfig: Applying CVar settings from Section [FoliageQuality@3] File [C:/Users/nkm/Documents/GitHub/Pralind/Saved/Config/Windows/Scalability.ini]
[2019.01.02-05.04.04:244][  0]LogConfig: Setting CVar [[foliage.DensityScale:1.0]]
[2019.01.02-05.04.04:244][  0]LogConfig: Setting CVar [[grass.DensityScale:1.0]]
[2019.01.02-05.04.04:244][  0]LogConfig: Applying CVar settings from Section [Startup] File [../../../Engine/Config/ConsoleVariables.ini]
[2019.01.02-05.04.04:244][  0]LogConfig: Setting CVar [[net.UseAdaptiveNetUpdateFrequency:0]]
[2019.01.02-05.04.04:244][  0]LogConfig: Applying CVar settings from Section [ConsoleVariables] File [C:/Users/nkm/Documents/GitHub/Pralind/Saved/Config/Windows/Engine.ini]
[2019.01.02-05.04.04:244][  0]LogInit: Computer: DESKTOP-36NQ0HB
[2019.01.02-05.04.04:244][  0]LogInit: User: nkm
[2019.01.02-05.04.04:244][  0]LogInit: CPU Page size=4096, Cores=4
[2019.01.02-05.04.04:244][  0]LogInit: High frequency timer resolution =3.526095 MHz
[2019.01.02-05.04.04:245][  0]LogMemory: Memory total: Physical=16.0GB (16GB approx)
[2019.01.02-05.04.04:245][  0]LogMemory: Platform Memory Stats for Windows
[2019.01.02-05.04.04:245][  0]LogMemory: Process Physical Memory: 135.09 MB used, 135.09 MB peak
[2019.01.02-05.04.04:245][  0]LogMemory: Process Virtual Memory: 106.57 MB used, 106.57 MB peak
[2019.01.02-05.04.04:245][  0]LogMemory: Physical Memory: 7740.28 MB used,  8620.10 MB free, 16360.38 MB total
[2019.01.02-05.04.04:245][  0]LogMemory: Virtual Memory: 4753.59 MB used,  134212976.00 MB free, 134217728.00 MB total
[2019.01.02-05.04.04:313][  0]LogInit: Using OS detected language (en-US).
[2019.01.02-05.04.04:313][  0]LogInit: Using OS detected locale (da-DK).
[2019.01.02-05.04.04:314][  0]LogTextLocalizationManager: No specific localization for 'en-US' exists, so the 'en' localization will be used.
[2019.01.02-05.04.04:314][  0]LogTextLocalizationManager: No localization for 'da-DK' exists, so 'en' will be used for the locale.
[2019.01.02-05.04.04:953][  0]LogStreaming: Display: Took  0.640s to InitEngineTextLocalization.
[2019.01.02-05.04.04:997][  0]LogSlate: New Slate User Created.  User Index 0, Is Virtual User: 0
[2019.01.02-05.04.04:998][  0]LogSlate: Slate User Registered.  User Index 0, Is Virtual User: 0
[2019.01.02-05.04.05:014][  0]LogHMD: Failed to initialize OpenVR with code 110
[2019.01.02-05.04.05:014][  0]LogD3D11RHI: D3D11 adapters:
[2019.01.02-05.04.05:160][  0]LogD3D11RHI:    0. 'NVIDIA GeForce GTX 1050 Ti' (Feature Level 11_0)
[2019.01.02-05.04.05:161][  0]LogD3D11RHI:       4018/0/8180 MB DedicatedVideo/DedicatedSystem/SharedSystem, Outputs:2, VendorId:0x10de
[2019.01.02-05.04.05:168][  0]LogD3D11RHI:    1. 'Microsoft Basic Render Driver' (Feature Level 11_0)
[2019.01.02-05.04.05:168][  0]LogD3D11RHI:       0/0/8180 MB DedicatedVideo/DedicatedSystem/SharedSystem, Outputs:0, VendorId:0x1414
[2019.01.02-05.04.05:168][  0]LogD3D11RHI: Chosen D3D11 Adapter: 0
[2019.01.02-05.04.05:186][  0]LogD3D11RHI: Creating new Direct3DDevice
[2019.01.02-05.04.05:187][  0]LogD3D11RHI:     GPU DeviceId: 0x1c82 (for the marketing name, search the web for "GPU Device Id")
[2019.01.02-05.04.05:187][  0]LogWindows: EnumDisplayDevices:
[2019.01.02-05.04.05:188][  0]LogWindows:    0. 'NVIDIA GeForce GTX 1050 Ti' (P:1 D:1)
[2019.01.02-05.04.05:188][  0]LogWindows:    1. 'NVIDIA GeForce GTX 1050 Ti' (P:0 D:1)
[2019.01.02-05.04.05:189][  0]LogWindows:    2. 'NVIDIA GeForce GTX 1050 Ti' (P:0 D:0)
[2019.01.02-05.04.05:190][  0]LogWindows:    3. 'NVIDIA GeForce GTX 1050 Ti' (P:0 D:0)
[2019.01.02-05.04.05:190][  0]LogWindows: DebugString: FoundDriverCount:4 
[2019.01.02-05.04.05:190][  0]LogD3D11RHI:     Adapter Name: NVIDIA GeForce GTX 1050 Ti
[2019.01.02-05.04.05:191][  0]LogD3D11RHI:   Driver Version: 391.35 (internal:23.21.13.9135, unified:391.35)
[2019.01.02-05.04.05:191][  0]LogD3D11RHI:      Driver Date: 3-23-2018
[2019.01.02-05.04.05:191][  0]LogRHI: Texture pool is 2812 MB (70% of 4018 MB)
[2019.01.02-05.04.05:289][  0]LogD3D11RHI: Async texture creation enabled
[2019.01.02-05.04.05:310][  0]LogD3D11RHI: GPU Timing Frequency: 1000.000000 (Debug: 2 2)
[2019.01.02-05.04.06:089][  0]LogTemp: Display: Loaded TP WindowsClientTargetPlatform
[2019.01.02-05.04.06:109][  0]LogTemp: Display: Loaded TP WindowsNoEditorTargetPlatform
[2019.01.02-05.04.06:133][  0]LogTemp: Display: Loaded TP WindowsServerTargetPlatform
[2019.01.02-05.04.06:142][  0]LogTemp: Display: Loaded TP WindowsTargetPlatform
[2019.01.02-05.04.06:142][  0]LogTargetPlatformManager: Display: Building Assets For Windows
[2019.01.02-05.04.06:248][  0]LogShaderCompilers: Guid format shader working directory is 6 characters bigger than the processId version (C:/Users/nkm/Documents/GitHub/Pralind/Intermediate/Shaders/WorkingDirectory/11708/).
[2019.01.02-05.04.06:249][  0]LogShaderCompilers: Cleaned the shader compiler working directory 'C:/Users/nkm/AppData/Local/Temp/UnrealShaderWorkingDir/B47AD5B54E979B8E6921C8AD1BA23CFE/'.
[2019.01.02-05.04.06:253][  0]LogXGEController: Cannot use XGE Controller as Incredibuild is not installed on this machine.
[2019.01.02-05.04.06:253][  0]LogShaderCompilers: Cannot use XGE Shader Compiler as Incredibuild is not installed on this machine.
[2019.01.02-05.04.06:253][  0]LogShaderCompilers: Display: Using Local Shader Compiler.
[2019.01.02-05.04.07:107][  0]LogDerivedDataCache: Display: Max Cache Size: 512 MB
[2019.01.02-05.04.07:212][  0]LogDerivedDataCache: Loaded boot cache 0.10s 72MB C:/Users/nkm/AppData/Local/UnrealEngine/4.21/DerivedDataCache/Boot.ddc.
[2019.01.02-05.04.07:212][  0]LogDerivedDataCache: Display: Loaded Boot cache: C:/Users/nkm/AppData/Local/UnrealEngine/4.21/DerivedDataCache/Boot.ddc
[2019.01.02-05.04.07:212][  0]LogDerivedDataCache: FDerivedDataBackendGraph:  Pak pak cache file C:/Users/nkm/Documents/GitHub/Pralind/DerivedDataCache/DDC.ddp not found, will not use a pak cache.
[2019.01.02-05.04.07:213][  0]LogDerivedDataCache: Unable to find inner node Pak for hierarchical cache Hierarchy.
[2019.01.02-05.04.07:213][  0]LogDerivedDataCache: FDerivedDataBackendGraph:  CompressedPak pak cache file C:/Users/nkm/Documents/GitHub/Pralind/DerivedDataCache/Compressed.ddp not found, will not use a pak cache.
[2019.01.02-05.04.07:213][  0]LogDerivedDataCache: Unable to find inner node CompressedPak for hierarchical cache Hierarchy.
[2019.01.02-05.04.07:232][  0]LogDerivedDataCache: Display: Pak cache opened for reading ../../../Engine/DerivedDataCache/Compressed.ddp.
[2019.01.02-05.04.07:233][  0]LogDerivedDataCache: FDerivedDataBackendGraph:  EnterprisePak pak cache file ../../../Enterprise/DerivedDataCache/Compressed.ddp not found, will not use a pak cache.
[2019.01.02-05.04.07:233][  0]LogDerivedDataCache: Unable to find inner node EnterprisePak for hierarchical cache Hierarchy.
[2019.01.02-05.04.07:246][  0]LogDerivedDataCache: Using Local data cache path C:/Users/nkm/AppData/Local/UnrealEngine/Common/DerivedDataCache: Writable
[2019.01.02-05.04.07:246][  0]LogDerivedDataCache: Shared data cache path not found in *engine.ini, will not use an Shared cache.
[2019.01.02-05.04.07:246][  0]LogDerivedDataCache: Unable to find inner node Shared for hierarchical cache Hierarchy.
[2019.01.02-05.04.07:283][  0]LogMaterial: Verifying Global Shaders for PCD3D_SM5
[2019.01.02-05.04.07:285][  0]LogSlate: Using FreeType 2.6.0
[2019.01.02-05.04.07:286][  0]LogSlate: SlateFontServices - WITH_FREETYPE: 1, WITH_HARFBUZZ: 1
[2019.01.02-05.04.07:539][  0]LogInit: Using OS detected language (en-US).
[2019.01.02-05.04.07:539][  0]LogInit: Using OS detected locale (da-DK).
[2019.01.02-05.04.07:539][  0]LogTextLocalizationManager: No localization for 'en-US' exists, so 'en' will be used for the language.
[2019.01.02-05.04.07:539][  0]LogTextLocalizationManager: No localization for 'da-DK' exists, so 'en' will be used for the locale.
[2019.01.02-05.04.07:539][  0]LogSlate: FontCache flush requested. Reason: Culture for localization was changed
[2019.01.02-05.04.07:539][  0]LogSlate: FontCache flush requested. Reason: Culture for localization was changed
[2019.01.02-05.04.08:129][  0]LogStreaming: Display: Took  0.590s to InitGameTextLocalization.
[2019.01.02-05.04.08:146][  0]LogAssetRegistry: FAssetRegistry took 0.0100 seconds to start up
[2019.01.02-05.04.08:608][  0]LogPackageLocalizationCache: Processed 11 localized package path(s) for 1 prioritized culture(s) in 0.027328 seconds
[2019.01.02-05.04.08:830][  0]LogInit: Selected Device Profile: [Windows]
[2019.01.02-05.04.09:071][  0]LogSimplygon: Simplygon DLL not present - disabling.
[2019.01.02-05.04.09:076][  0]LogMeshReduction: Using SimplygonSwarm for distributed automatic mesh merging
[2019.01.02-05.04.09:076][  0]LogMeshReduction: Using ProxyLODMeshReduction for automatic mesh merging
[2019.01.02-05.04.09:076][  0]LogMeshReduction: Using QuadricMeshReduction for automatic static mesh reduction
[2019.01.02-05.04.09:076][  0]LogMeshReduction: No automatic skeletal mesh reduction module available
[2019.01.02-05.04.09:097][  0]LogNetVersion: Pralind 1.0.0, NetCL: 4541578, EngineNetVer: 5, GameNetVer: 0 (Checksum: 393044096)
[2019.01.02-05.04.10:105][  0]LogMoviePlayer: Initializing movie player
[2019.01.02-05.04.10:255][  0]LogTcpMessaging: Initializing TcpMessaging bridge
[2019.01.02-05.04.10:268][  0]LogUdpMessaging: Initializing bridge on interface 0.0.0.0:0 to multicast group 230.0.0.1:6666.
[2019.01.02-05.04.10:384][  0]SourceControl: Source control is disabled
[2019.01.02-05.04.10:385][  0]SourceControl: Source control is disabled
[2019.01.02-05.04.10:387][  0]SourceControl: Source control is disabled
[2019.01.02-05.04.10:569][  0]LogAndroidPermission: UAndroidPermissionCallbackProxy::GetInstance
[2019.01.02-05.04.10:952][  0]LogOcInput: OculusInput pre-init called
[2019.01.02-05.04.10:965][  0]LogUObjectArray: 43882 objects as part of root set at end of initial load.
[2019.01.02-05.04.10:965][  0]LogUObjectAllocator: 7712104 out of 0 bytes used by permanent object pool.
[2019.01.02-05.04.10:965][  0]LogUObjectArray: CloseDisregardForGC: 0/0 objects in disregard for GC pool
[2019.01.02-05.04.11:121][  0]LogEngine: Initializing Engine...
[2019.01.02-05.04.11:123][  0]LogHMD: Failed to initialize OpenVR with code 110
[2019.01.02-05.04.11:135][  0]LogStats: UGameplayTagsManager::ConstructGameplayTagTree: ImportINI prefixes -  0.000 s
[2019.01.02-05.04.11:135][  0]LogStats: UGameplayTagsManager::ConstructGameplayTagTree: Construct from data asset -  0.000 s
[2019.01.02-05.04.11:135][  0]LogStats: UGameplayTagsManager::ConstructGameplayTagTree: ImportINI -  0.000 s
[2019.01.02-05.04.11:136][  0]LogStats: UGameplayTagsManager::ConstructGameplayTagTree: GameplayTagTreeChangedEvent.Broadcast -  0.000 s
[2019.01.02-05.04.11:395][  0]LogInit: Initializing FReadOnlyCVARCache
[2019.01.02-05.04.11:484][  0]LogInit: XAudio2 using 'Speakers (Razer Surround Audio Controller)' : 6 channels at 48 kHz using 16 bits per sample (channel mask 0x3f)
[2019.01.02-05.04.11:499][  0]LogInit: FAudioDevice initialized.
[2019.01.02-05.04.11:511][  0]LogNetVersion: Set ProjectVersion to 1.0.0.0. Version Checksum will be recalculated on next use.
[2019.01.02-05.04.11:519][  0]LogInit: Texture streaming: Enabled
[2019.01.02-05.04.11:764][  0]LogSlate: Updating window title bar state: overlay mode, drag disabled, window buttons hidden, title bar hidden
[2019.01.02-05.04.11:765][  0]LogInit: Display: Game Engine Initialized.
[2019.01.02-05.04.11:765][  0]LogGameplayTags: Display: UGameplayTagsManager::DoneAddingNativeTags. DelegateIsBound: 0
[2019.01.02-05.04.11:765][  0]LogStats: UGameplayTagsManager::ConstructGameplayTagTree: ImportINI prefixes -  0.000 s
[2019.01.02-05.04.11:765][  0]LogStats: UGameplayTagsManager::ConstructGameplayTagTree: Construct from data asset -  0.000 s
[2019.01.02-05.04.11:765][  0]LogStats: UGameplayTagsManager::ConstructGameplayTagTree: ImportINI -  0.000 s
[2019.01.02-05.04.11:765][  0]LogStats: UGameplayTagsManager::ConstructGameplayTagTree: GameplayTagTreeChangedEvent.Broadcast -  0.000 s
[2019.01.02-05.04.11:800][  0]LogInit: Display: Starting Game.
[2019.01.02-05.04.11:800][  0]LogNet: Browse: /Game/Maps/Menu_Map?Name=Player
[2019.01.02-05.04.11:800][  0]LogLoad: LoadMap: /Game/Maps/Menu_Map?Name=Player
[2019.01.02-05.04.12:027][  0]LogAIModule: Creating AISystem for world Menu_Map
[2019.01.02-05.04.12:275][  0]LogLoad: Game class is 'ThirdPersonGameMode_C'
[2019.01.02-05.04.12:277][  0]LogWorld: Bringing World /Game/Maps/Menu_Map.Menu_Map up for play (max tick rate 0) at 2019.01.02-06.04.12
[2019.01.02-05.04.12:277][  0]LogWorld: Bringing up level for play took: 0.001011
[2019.01.02-05.04.12:278][  0]LogGameMode: FindPlayerStart: PATHS NOT DEFINED or NO PLAYERSTART with positive rating
[2019.01.02-05.04.12:291][  0]LogLoad: Took 0.491242 seconds to LoadMap(/Game/Maps/Menu_Map)
[2019.01.02-05.04.12:370][  0]LogRenderer: Reallocating scene render targets to support 1280x720 Format 10 NumSamples 1 (Frame:1).
[2019.01.02-05.04.12:370][  0]LogLoad: (Engine Initialization) Total time: 11.00 seconds
[2019.01.02-05.04.12:370][  0]LogLoad: (Engine Initialization) Total Blueprint compile time: 0.00 seconds
[2019.01.02-05.04.12:400][  0]LogContentStreaming: Texture pool size now 1000 MB
[2019.01.02-05.04.24:091][721]LogSlate: FSceneViewport::OnFocusLost() reason 0
[2019.01.02-05.04.24:215][728]LogSlate: Took 0.000258 seconds to synchronously load lazily loaded font '../../../Engine/Content/Slate/Fonts/Roboto-Regular.ttf' (155K)
[2019.01.02-05.04.26:139][848]LogSlate: FSceneViewport::OnFocusLost() reason 0
[2019.01.02-05.04.37:289][540]LogOnlineSession: Verbose: OSS: dumping NamedSession: 
[2019.01.02-05.04.37:289][540]LogOnlineSession: Verbose: OSS: 	SessionName: GameSession
[2019.01.02-05.04.37:289][540]LogOnlineSession: Verbose: OSS: 	HostingPlayerNum: 0
[2019.01.02-05.04.37:289][540]LogOnlineSession: Verbose: OSS: 	SessionState: Pending
[2019.01.02-05.04.37:289][540]LogOnlineSession: Verbose: OSS: 	RegisteredPlayers: 
[2019.01.02-05.04.37:289][540]LogOnlineSession: Verbose: OSS: 	    0 registered players
[2019.01.02-05.04.37:289][540]LogOnlineSession: Verbose: OSS: dumping Session: 
[2019.01.02-05.04.37:289][540]LogOnlineSession: Verbose: OSS: 	OwningPlayerName: Sayzes
[2019.01.02-05.04.37:289][540]LogOnlineSession: Verbose: OSS: 	OwningPlayerId: Sayzes [0x1E6667A0340]
[2019.01.02-05.04.37:289][540]LogOnlineSession: Verbose: OSS: 	NumOpenPrivateConnections: 10
[2019.01.02-05.04.37:289][540]LogOnlineSession: Verbose: OSS: 	NumOpenPublicConnections: 99
[2019.01.02-05.04.37:290][540]LogOnlineSession: Verbose: OSS: 	SessionInfo: HostIP: INVALID SteamP2P: 76561198048753127:7777 Type: Lobby session SessionId: Lobby[0x18600000132D791]
[2019.01.02-05.04.37:290][540]LogOnlineSession: Verbose: OSS: dumping SessionSettings: 
[2019.01.02-05.04.37:290][540]LogOnlineSession: Verbose: OSS: 	NumPublicConnections: 100
[2019.01.02-05.04.37:290][540]LogOnlineSession: Verbose: OSS: 	NumPrivateConnections: 10
[2019.01.02-05.04.37:290][540]LogOnlineSession: Verbose: OSS: 	bIsLanMatch: false
[2019.01.02-05.04.37:290][540]LogOnlineSession: Verbose: OSS: 	bIsDedicated: false
[2019.01.02-05.04.37:290][540]LogOnlineSession: Verbose: OSS: 	bUsesStats: false
[2019.01.02-05.04.37:290][540]LogOnlineSession: Verbose: OSS: 	bShouldAdvertise: true
[2019.01.02-05.04.37:290][540]LogOnlineSession: Verbose: OSS: 	bAllowJoinInProgress: true
[2019.01.02-05.04.37:290][540]LogOnlineSession: Verbose: OSS: 	bAllowInvites: true
[2019.01.02-05.04.37:290][540]LogOnlineSession: Verbose: OSS: 	bUsesPresence: true
[2019.01.02-05.04.37:290][540]LogOnlineSession: Verbose: OSS: 	bAllowJoinViaPresence: true
[2019.01.02-05.04.37:290][540]LogOnlineSession: Verbose: OSS: 	bAllowJoinViaPresenceFriendsOnly: false
[2019.01.02-05.04.37:290][540]LogOnlineSession: Verbose: OSS: 	BuildUniqueId: 0x00454c8a
[2019.01.02-05.04.37:290][540]LogOnlineSession: Verbose: OSS: 	Settings:
[2019.01.02-05.04.37:290][540]LogOnlineSession: Verbose: OSS: 		NAME=Fuck u : OnlineService
[2019.01.02-05.04.37:290][540]LogOnlineSession: Verbose: OSS: 		MAP=Map1 : OnlineService
[2019.01.02-05.04.37:290][540]LogOnlineSession: Verbose: OSS: 		MODE=Normal : OnlineService
[2019.01.02-05.04.37:290][540]LogOnlineSession: Verbose: OSS: 		LAN=false : OnlineService
[2019.01.02-05.04.37:429][540]LogPackageName: SearchForPackageOnDisk took   0.138s to resolve Map1.umap.
[2019.01.02-05.04.37:559][540]LogPackageName: SearchForPackageOnDisk took   0.129s to resolve Map1.umap.
[2019.01.02-05.04.37:559][540]LogNet: Browse: /Game/Maps/Map1?listen
[2019.01.02-05.04.37:559][540]LogLoad: LoadMap: /Game/Maps/Map1?listen
[2019.01.02-05.04.37:708][540]LogAIModule: Creating AISystem for world Map1
[2019.01.02-05.04.37:913][540]LogLoad: Game class is 'ThirdPersonGameMode_C'
[2019.01.02-05.04.37:914][540]LogTemp: Display: ParseSettings for GameNetDriver
[2019.01.02-05.04.37:914][540]LogTemp: Display: ParseSettings for SteamNetDriver_0
[2019.01.02-05.04.37:914][540]LogTemp: Display: ParseSettings for GameNetDriver
[2019.01.02-05.04.37:914][540]LogNet: ReplicationDriverClass is null! Not using ReplicationDriver.
[2019.01.02-05.04.37:914][540]PacketHandlerLog: DDoS detection status: detection enabled: 0 analytics enabled: 0
[2019.01.02-05.04.37:915][540]LogNet: Display: SteamNetDriver_0 bound to port 7777
[2019.01.02-05.04.37:915][540]PacketHandlerLog: Loaded PacketHandler component: Engine.EngineHandlerComponentFactory (StatelessConnectHandlerComponent)
[2019.01.02-05.04.37:915][540]LogNet: GameNetDriver SteamNetDriver_0 IpNetDriver listening on port 7777
[2019.01.02-05.04.37:917][540]LogWorld: Bringing World /Game/Maps/Map1.Map1 up for play (max tick rate 0) at 2019.01.02-06.04.37
[2019.01.02-05.04.37:918][540]LogWorld: Bringing up level for play took: 0.001767
[2019.01.02-05.04.37:921][540]LogLoad: Took 0.363203 seconds to LoadMap(/Game/Maps/Map1)
[2019.01.02-05.05.06:011][280]LogOnlineSession: STEAM: Updating lobby joinability to true.
[2019.01.02-05.05.10:188][538]LogNet: NotifyAcceptingConnection accepted from: 76561198391680452:7777
[2019.01.02-05.05.10:188][538]LogHandshake: SendConnectChallenge. Timestamp: 32.901951, Cookie: 015015086210078187093250164228107242230170015030187120077096
[2019.01.02-05.05.10:188][538]LogNet: NotifyAcceptingConnection accepted from: 76561198391680452:7777
[2019.01.02-05.05.10:188][538]LogHandshake: SendConnectChallenge. Timestamp: 32.901951, Cookie: 015015086210078187093250164228107242230170015030187120077096
[2019.01.02-05.05.10:189][538]LogNet: NotifyAcceptingConnection accepted from: 76561198391680452:7777
[2019.01.02-05.05.10:189][538]LogHandshake: SendConnectChallenge. Timestamp: 32.901951, Cookie: 015015086210078187093250164228107242230170015030187120077096
[2019.01.02-05.05.10:189][538]LogNet: NotifyAcceptingConnection accepted from: 76561198391680452:7777
[2019.01.02-05.05.10:189][538]LogHandshake: SendConnectChallenge. Timestamp: 32.901951, Cookie: 015015086210078187093250164228107242230170015030187120077096
[2019.01.02-05.05.10:189][538]LogNet: NotifyAcceptingConnection accepted from: 76561198391680452:7777
[2019.01.02-05.05.10:189][538]LogHandshake: SendConnectChallenge. Timestamp: 32.901951, Cookie: 015015086210078187093250164228107242230170015030187120077096
[2019.01.02-05.05.10:204][539]LogNet: NotifyAcceptingConnection accepted from: 76561198391680452:7777
[2019.01.02-05.05.10:204][539]LogHandshake: SendChallengeAck. InCookie: 015015086210078187093250164228107242230170015030187120077096
[2019.01.02-05.05.10:204][539]LogNet: Server accepting post-challenge connection from: 76561198391680452:7777
[2019.01.02-05.05.10:205][539]PacketHandlerLog: Loaded PacketHandler component: Engine.EngineHandlerComponentFactory (StatelessConnectHandlerComponent)
[2019.01.02-05.05.10:205][539]LogNet: NotifyAcceptedConnection: Name: Map1, TimeStamp: 01/02/19 06:05:10, [UNetConnection] RemoteAddr: 76561198391680452:7777, Name: SteamNetConnection_0, Driver: GameNetDriver SteamNetDriver_0, IsServer: YES, PC: NULL, Owner: NULL, UniqueId: INVALID
[2019.01.02-05.05.10:205][539]LogNet: AddClientConnection: Added client connection: [UNetConnection] RemoteAddr: 76561198391680452:7777, Name: SteamNetConnection_0, Driver: GameNetDriver SteamNetDriver_0, IsServer: YES, PC: NULL, Owner: NULL, UniqueId: INVALID
[2019.01.02-05.05.10:205][539]LogHandshake: Received unexpected post-connect handshake packet - resending ack.
[2019.01.02-05.05.10:205][539]LogHandshake: SendChallengeAck. InCookie: 015015086210078187093250164228107242230170015030187120077096
[2019.01.02-05.05.10:205][539]LogHandshake: Received unexpected post-connect handshake packet - resending ack.
[2019.01.02-05.05.10:205][539]LogHandshake: SendChallengeAck. InCookie: 015015086210078187093250164228107242230170015030187120077096
[2019.01.02-05.05.10:205][539]LogHandshake: Received unexpected post-connect handshake packet - resending ack.
[2019.01.02-05.05.10:206][539]LogHandshake: SendChallengeAck. InCookie: 015015086210078187093250164228107242230170015030187120077096
[2019.01.02-05.05.10:206][539]LogHandshake: Received unexpected post-connect handshake packet - resending ack.
[2019.01.02-05.05.10:206][539]LogHandshake: SendChallengeAck. InCookie: 015015086210078187093250164228107242230170015030187120077096
[2019.01.02-05.05.10:220][540]LogNet: NotifyAcceptingChannel Control 0 server World /Game/Maps/Map1.Map1: Accepted
[2019.01.02-05.05.10:221][540]LogNet: Remote platform little endian=1
[2019.01.02-05.05.10:221][540]LogNet: This platform little endian=1
[2019.01.02-05.05.10:221][540]LogNetVersion: Pralind 1.0.0.0, NetCL: 4541578, EngineNetVer: 5, GameNetVer: 0 (Checksum: 3692811673)
[2019.01.02-05.05.10:237][541]LogNet: Login request: /Game/Maps/Menu_Map?Name=Cordsen userId: STEAM:Cordsen [0x1E67C7CD4E0] platform: STEAM
[2019.01.02-05.05.10:252][542]LogNet: Client netspeed is 10000
[2019.01.02-05.05.10:349][548]LogNet: Join request: /Game/Maps/Menu_Map?Name=Cordsen?SplitscreenCount=1
[2019.01.02-05.05.10:353][548]LogNet: Join succeeded: Cordsen
[2019.01.02-05.05.33:974][  3]LogSlate: Window 'Pralind (64-bit Development PCD3D_SM5) ' being destroyed
[2019.01.02-05.05.33:975][  3]LogWindowsTextInputMethodSystem: Display: IME system now deactivated.
[2019.01.02-05.05.33:980][  3]LogSlate: Updating window title bar state: overlay mode, drag disabled, window buttons hidden, title bar hidden
[2019.01.02-05.05.33:980][  3]LogEngine: All Windows Closed
[2019.01.02-05.05.33:980][  3]LogWindows: FPlatformMisc::RequestExit(0)
[2019.01.02-05.05.33:990][  4]LogNet: World NetDriver shutdown SteamNetDriver_0 [GameNetDriver]
[2019.01.02-05.05.33:991][  4]LogNet: DestroyNamedNetDriver SteamNetDriver_0 [GameNetDriver]
[2019.01.02-05.05.33:991][  4]LogNet: UNetConnection::Cleanup: Closing open connection. [UNetConnection] RemoteAddr: 76561198391680452:7777, Name: SteamNetConnection_0, Driver: GameNetDriver SteamNetDriver_0, IsServer: YES, PC: PlayerController_1, Owner: PlayerController_1, UniqueId: STEAM:Cordsen [0x1E665D80E20]
[2019.01.02-05.05.33:992][  4]LogNet: UNetConnection::Close: [UNetConnection] RemoteAddr: 76561198391680452:7777, Name: SteamNetConnection_0, Driver: GameNetDriver SteamNetDriver_0, IsServer: YES, PC: PlayerController_1, Owner: PlayerController_1, UniqueId: STEAM:Cordsen [0x1E665D80E20], Channels: 11, Time: 2019.01.02-05.05.33
[2019.01.02-05.05.33:992][  4]LogNet: UChannel::Close: Sending CloseBunch. ChIndex == 0. Name: [UChannel] ChIndex: 0, Closing: 0 [UNetConnection] RemoteAddr: 76561198391680452:7777, Name: SteamNetConnection_0, Driver: GameNetDriver SteamNetDriver_0, IsServer: YES, PC: PlayerController_1, Owner: PlayerController_1, UniqueId: STEAM:Cordsen [0x1E665D80E20]
[2019.01.02-05.05.33:992][  4]LogOnline: STEAM: Removing P2P Session Id: Cordsen [0x1E665D80E20], IdleTime: 0.167
[2019.01.02-05.05.33:992][  4]LogExit: GameNetDriver SteamNetDriver_0 shut down
[2019.01.02-05.05.34:170][  4]LogExit: Preparing to exit.
[2019.01.02-05.05.34:170][  4]LogMoviePlayer: Shutting down movie player
[2019.01.02-05.05.34:337][  4]LogSlate: Updating window title bar state: overlay mode, drag disabled, window buttons hidden, title bar hidden
[2019.01.02-05.05.34:351][  4]LogExit: Game engine shut down
[2019.01.02-05.05.34:428][  4]LogExit: Object subsystem successfully closed.
[2019.01.02-05.05.34:455][  4]LogShaderCompilers: Display: Shaders left to compile 0
[2019.01.02-05.05.34:461][  4]LogD3D11RHI: Shutdown
[2019.01.02-05.05.34:461][  4]LogD3D11RHI: CleanupD3DDevice
[2019.01.02-05.05.34:463][  4]LogD3D11RHI: ~FD3D11DynamicRHI
[2019.01.02-05.05.34:478][  4]LogModuleManager: Shutting down and abandoning module SequenceRecorderSections (388)
[2019.01.02-05.05.34:478][  4]LogModuleManager: Shutting down and abandoning module SequenceRecorder (386)
[2019.01.02-05.05.34:478][  4]LogModuleManager: Shutting down and abandoning module AutomationController (384)
[2019.01.02-05.05.34:478][  4]LogModuleManager: Shutting down and abandoning module AutomationWorker (382)
[2019.01.02-05.05.34:478][  4]LogModuleManager: Shutting down and abandoning module Voice (380)
[2019.01.02-05.05.34:479][  4]LogModuleManager: Shutting down and abandoning module AIModule (378)
[2019.01.02-05.05.34:479][  4]LogModuleManager: Shutting down and abandoning module GameplayDebugger (377)
[2019.01.02-05.05.34:479][  4]LogModuleManager: Shutting down and abandoning module AITestSuite (375)
[2019.01.02-05.05.34:479][  4]LogModuleManager: Shutting down and abandoning module NavigationSystem (373)
[2019.01.02-05.05.34:479][  4]LogModuleManager: Shutting down and abandoning module WmfMediaFactory (370)
[2019.01.02-05.05.34:479][  4]LogModuleManager: Shutting down and abandoning module WebMMediaFactory (368)
[2019.01.02-05.05.34:479][  4]LogModuleManager: Shutting down and abandoning module WebMMedia (366)
[2019.01.02-05.05.34:479][  4]LogModuleManager: Shutting down and abandoning module OpenExrWrapper (364)
[2019.01.02-05.05.34:479][  4]LogModuleManager: Shutting down and abandoning module ImgMediaFactory (362)
[2019.01.02-05.05.34:479][  4]LogModuleManager: Shutting down and abandoning module AvfMediaFactory (360)
[2019.01.02-05.05.34:479][  4]LogModuleManager: Shutting down and abandoning module MagicLeapCameraPreviewFactory (358)
[2019.01.02-05.05.34:479][  4]LogModuleManager: Shutting down and abandoning module MagicLeapMediaFactory (356)
[2019.01.02-05.05.34:479][  4]LogModuleManager: Shutting down and abandoning module CharacterAI (354)
[2019.01.02-05.05.34:479][  4]LogModuleManager: Shutting down and abandoning module SessionServices (352)
[2019.01.02-05.05.34:479][  4]LogModuleManager: Shutting down and abandoning module MovieSceneCapture (350)
[2019.01.02-05.05.34:479][  4]LogModuleManager: Shutting down and abandoning module MovieSceneTracks (348)
[2019.01.02-05.05.34:479][  4]LogModuleManager: Shutting down and abandoning module MovieScene (346)
[2019.01.02-05.05.34:479][  4]LogModuleManager: Shutting down and abandoning module StreamingPauseRendering (344)
[2019.01.02-05.05.34:479][  4]LogModuleManager: Shutting down and abandoning module PortalServices (342)
[2019.01.02-05.05.34:479][  4]LogModuleManager: Shutting down and abandoning module PortalRpc (340)
[2019.01.02-05.05.34:479][  4]LogModuleManager: Shutting down and abandoning module MessagingRpc (338)
[2019.01.02-05.05.34:479][  4]LogModuleManager: Shutting down and abandoning module ImageWriteQueue (336)
[2019.01.02-05.05.34:482][  4]LogModuleManager: Shutting down and abandoning module ProfilerService (334)
[2019.01.02-05.05.34:651][  4]LogModuleManager: Shutting down and abandoning module TaskGraph (332)
[2019.01.02-05.05.34:651][  4]LogModuleManager: Shutting down and abandoning module SteamVRController (330)
[2019.01.02-05.05.34:651][  4]LogModuleManager: Shutting down and abandoning module ProceduralMeshComponent (328)
[2019.01.02-05.05.34:652][  4]LogModuleManager: Shutting down and abandoning module OculusInput (326)
[2019.01.02-05.05.34:652][  4]LogModuleManager: Shutting down and abandoning module MobilePatchingUtils (324)
[2019.01.02-05.05.34:652][  4]LogModuleManager: Shutting down and abandoning module EditableMesh (322)
[2019.01.02-05.05.34:652][  4]LogModuleManager: Shutting down and abandoning module CustomMeshComponent (320)
[2019.01.02-05.05.34:652][  4]LogModuleManager: Shutting down and abandoning module CableComponent (318)
[2019.01.02-05.05.34:652][  4]LogModuleManager: Shutting down and abandoning module AudioCapture (316)
[2019.01.02-05.05.34:652][  4]LogModuleManager: Shutting down and abandoning module ArchVisCharacter (314)
[2019.01.02-05.05.34:652][  4]LogModuleManager: Shutting down and abandoning module AndroidPermission (312)
[2019.01.02-05.05.34:652][  4]LogModuleManager: Shutting down and abandoning module NUTUnrealEngine4 (308)
[2019.01.02-05.05.34:652][  4]LogModuleManager: Shutting down and abandoning module NetcodeUnitTest (306)
[2019.01.02-05.05.34:652][  4]LogModuleManager: Shutting down and abandoning module MediaCompositing (304)
[2019.01.02-05.05.34:652][  4]LogModuleManager: Shutting down and abandoning module LinearTimecode (302)
[2019.01.02-05.05.34:652][  4]LogModuleManager: Shutting down and abandoning module ImgMedia (300)
[2019.01.02-05.05.34:655][  4]LogModuleManager: Shutting down and abandoning module HTML5Networking (298)
[2019.01.02-05.05.34:655][  4]LogModuleManager: Shutting down and abandoning module GeometryCacheTracks (296)
[2019.01.02-05.05.34:655][  4]LogModuleManager: Shutting down and abandoning module GeometryCacheSequencer (295)
[2019.01.02-05.05.34:655][  4]LogModuleManager: Shutting down and abandoning module GeometryCache (292)
[2019.01.02-05.05.34:655][  4]LogModuleManager: Shutting down and abandoning module GeometryCacheEd (291)
[2019.01.02-05.05.34:655][  4]LogModuleManager: Shutting down and abandoning module BackChannel (288)
[2019.01.02-05.05.34:655][  4]LogModuleManager: Shutting down and abandoning module AppleVision (286)
[2019.01.02-05.05.34:655][  4]LogModuleManager: Shutting down and abandoning module AppleImageUtilsBlueprintSupport (284)
[2019.01.02-05.05.34:656][  4]LogModuleManager: Shutting down and abandoning module AppleImageUtils (282)
[2019.01.02-05.05.34:656][  4]LogModuleManager: Shutting down and abandoning module VariantManagerContent (280)
[2019.01.02-05.05.34:656][  4]LogModuleManager: Shutting down and abandoning module CryptoKeysOpenSSL (278)
[2019.01.02-05.05.34:656][  4]LogModuleManager: Shutting down and abandoning module CryptoKeys (276)
[2019.01.02-05.05.34:656][  4]LogModuleManager: Shutting down and abandoning module VisualStudioSourceCodeAccess (274)
[2019.01.02-05.05.34:656][  4]LogModuleManager: Shutting down and abandoning module HotReload (273)
[2019.01.02-05.05.34:656][  4]LogModuleManager: Shutting down and abandoning module DirectoryWatcher (272)
[2019.01.02-05.05.34:656][  4]LogModuleManager: Shutting down and abandoning module VisualStudioCodeSourceCodeAccess (268)
[2019.01.02-05.05.34:656][  4]LogModuleManager: Shutting down and abandoning module UObjectPlugin (266)
[2019.01.02-05.05.34:656][  4]LogModuleManager: Shutting down and abandoning module SubversionSourceControl (264)
[2019.01.02-05.05.34:656][  4]LogModuleManager: Shutting down and abandoning module PerforceSourceControl (262)
[2019.01.02-05.05.34:656][  4]LogModuleManager: Shutting down and abandoning module SourceControl (261)
[2019.01.02-05.05.34:656][  4]LogModuleManager: Shutting down and abandoning module CLionSourceCodeAccess (258)
[2019.01.02-05.05.34:656][  4]LogModuleManager: Shutting down and abandoning module ActorLayerUtilities (256)
[2019.01.02-05.05.34:656][  4]LogModuleManager: Shutting down and abandoning module RuntimePhysXCooking (254)
[2019.01.02-05.05.34:656][  4]LogModuleManager: Shutting down and abandoning module PhysXVehiclesEditor (252)
[2019.01.02-05.05.34:656][  4]LogModuleManager: Shutting down and abandoning module PhysXVehicles (250)
[2019.01.02-05.05.34:656][  4]LogModuleManager: Shutting down and abandoning module LocationServicesBPLibrary (248)
[2019.01.02-05.05.34:656][  4]LogModuleManager: Shutting down and abandoning module ActorSequence (246)
[2019.01.02-05.05.34:657][  4]LogModuleManager: Shutting down and abandoning module UdpMessaging (244)
[2019.01.02-05.05.34:758][  4]LogModuleManager: Shutting down and abandoning module TcpMessaging (242)
[2019.01.02-05.05.35:298][  4]LogModuleManager: Shutting down and abandoning module MagicLeapAudio (240)
[2019.01.02-05.05.35:298][  4]LogModuleManager: Shutting down and abandoning module GameplayTagsEditor (238)
[2019.01.02-05.05.35:298][  4]LogModuleManager: Shutting down and abandoning module FacialAnimation (236)
[2019.01.02-05.05.35:298][  4]LogModuleManager: Shutting down and abandoning module DataValidation (234)
[2019.01.02-05.05.35:298][  4]LogModuleManager: Shutting down and abandoning module AssetManagerEditor (232)
[2019.01.02-05.05.35:298][  4]LogModuleManager: Shutting down and abandoning module TreeMap (231)
[2019.01.02-05.05.35:298][  4]LogModuleManager: Shutting down and abandoning module LightPropagationVolumeRuntime (228)
[2019.01.02-05.05.35:299][  4]LogModuleManager: Shutting down and abandoning module AISupportModule (226)
[2019.01.02-05.05.35:299][  4]LogModuleManager: Shutting down and abandoning module AdvancedSteamSessions (224)
[2019.01.02-05.05.35:299][  4]LogModuleManager: Shutting down and abandoning module AdvancedSessions (222)
[2019.01.02-05.05.35:299][  4]LogModuleManager: Shutting down and abandoning module Paper2D (220)
[2019.01.02-05.05.35:299][  4]LogModuleManager: Shutting down and abandoning module WindowsMoviePlayer (218)
[2019.01.02-05.05.35:299][  4]LogModuleManager: Shutting down and abandoning module WebMMoviePlayer (216)
[2019.01.02-05.05.35:299][  4]LogModuleManager: Shutting down and abandoning module WmfMedia (214)
[2019.01.02-05.05.35:300][  4]LogModuleManager: Shutting down and abandoning module Media (213)
[2019.01.02-05.05.35:306][  4]LogModuleManager: Shutting down and abandoning module PacketHandler (210)
[2019.01.02-05.05.35:306][  4]LogModuleManager: Shutting down and abandoning module ClothingSystemEditor (208)
[2019.01.02-05.05.35:306][  4]LogModuleManager: Shutting down and abandoning module ClothingSystemRuntime (206)
[2019.01.02-05.05.35:306][  4]LogModuleManager: Shutting down and abandoning module MediaAssets (204)
[2019.01.02-05.05.35:306][  4]LogModuleManager: Shutting down and abandoning module Overlay (202)
[2019.01.02-05.05.35:306][  4]LogModuleManager: Shutting down and abandoning module OverlayEditor (201)
[2019.01.02-05.05.35:306][  4]LogModuleManager: Shutting down and abandoning module VREditor (198)
[2019.01.02-05.05.35:306][  4]LogModuleManager: Shutting down and abandoning module StringTableEditor (196)
[2019.01.02-05.05.35:307][  4]LogModuleManager: Shutting down and abandoning module GameplayTasksEditor (194)
[2019.01.02-05.05.35:307][  4]LogModuleManager: Shutting down and abandoning module BehaviorTreeEditor (192)
[2019.01.02-05.05.35:307][  4]LogModuleManager: Shutting down and abandoning module FunctionalTesting (190)
[2019.01.02-05.05.35:307][  4]LogModuleManager: Shutting down and abandoning module CollisionAnalyzer (188)
[2019.01.02-05.05.35:307][  4]LogModuleManager: Shutting down and abandoning module WorkspaceMenuStructure (187)
[2019.01.02-05.05.35:307][  4]LogModuleManager: Shutting down and abandoning module UMG (184)
[2019.01.02-05.05.35:307][  4]LogModuleManager: Shutting down and abandoning module UMGEditor (183)
[2019.01.02-05.05.35:307][  4]LogModuleManager: Shutting down and abandoning module Sequencer (182)
[2019.01.02-05.05.35:307][  4]LogModuleManager: Shutting down and abandoning module MessageLog (179)
[2019.01.02-05.05.35:307][  4]LogModuleManager: Shutting down and abandoning module SlateReflector (174)
[2019.01.02-05.05.35:307][  4]LogModuleManager: Shutting down and abandoning module Slate (172)
[2019.01.02-05.05.35:307][  4]LogModuleManager: Shutting down and abandoning module EditorStyle (170)
[2019.01.02-05.05.35:309][  4]LogModuleManager: Shutting down and abandoning module MRMesh (168)
[2019.01.02-05.05.35:309][  4]LogModuleManager: Shutting down and abandoning module Messaging (166)
[2019.01.02-05.05.35:309][  4]LogModuleManager: Shutting down and abandoning module SourceCodeAccess (164)
[2019.01.02-05.05.35:309][  4]LogModuleManager: Shutting down and abandoning module HeadMountedDisplay (162)
[2019.01.02-05.05.35:309][  4]LogModuleManager: Shutting down and abandoning module XAudio2 (160)
[2019.01.02-05.05.35:309][  4]LogModuleManager: Shutting down and abandoning module Networking (158)
[2019.01.02-05.05.35:309][  4]LogModuleManager: Shutting down and abandoning module Core (156)
[2019.01.02-05.05.35:309][  4]LogModuleManager: Shutting down and abandoning module LevelSequence (154)
[2019.01.02-05.05.35:309][  4]LogModuleManager: Shutting down and abandoning module KismetCompiler (152)
[2019.01.02-05.05.35:309][  4]LogModuleManager: Shutting down and abandoning module MeshUtilities (150)
[2019.01.02-05.05.35:309][  4]LogModuleManager: Shutting down and abandoning module MeshMergeUtilities (149)
[2019.01.02-05.05.35:309][  4]LogModuleManager: Shutting down and abandoning module MeshReductionInterface (148)
[2019.01.02-05.05.35:309][  4]LogModuleManager: Shutting down and abandoning module SimplygonSwarm (147)
[2019.01.02-05.05.35:309][  4]LogModuleManager: Shutting down and abandoning module ProxyLODMeshReduction (145)
[2019.01.02-05.05.35:309][  4]LogModuleManager: Shutting down and abandoning module SimplygonMeshReduction (143)
[2019.01.02-05.05.35:309][  4]LogModuleManager: Shutting down and abandoning module QuadricMeshReduction (141)
[2019.01.02-05.05.35:309][  4]LogModuleManager: Shutting down and abandoning module MaterialBaking (137)
[2019.01.02-05.05.35:309][  4]LogModuleManager: Shutting down and abandoning module PIEPreviewDeviceProfileSelector (132)
[2019.01.02-05.05.35:309][  4]LogModuleManager: Shutting down and abandoning module DerivedDataCache (130)
[2019.01.02-05.05.35:344][  4]LogDerivedDataCache: Shutdown
[2019.01.02-05.05.35:344][  4]LogModuleManager: Shutting down and abandoning module XGEController (128)
[2019.01.02-05.05.35:344][  4]LogModuleManager: Shutting down and abandoning module TargetPlatform (126)
[2019.01.02-05.05.35:344][  4]LogModuleManager: Shutting down and abandoning module VulkanShaderFormat (125)
[2019.01.02-05.05.35:344][  4]LogModuleManager: Shutting down and abandoning module ShaderFormatVectorVM (123)
[2019.01.02-05.05.35:344][  4]LogModuleManager: Shutting down and abandoning module ShaderFormatOpenGL (121)
[2019.01.02-05.05.35:344][  4]LogModuleManager: Shutting down and abandoning module ShaderFormatD3D (119)
[2019.01.02-05.05.35:344][  4]LogModuleManager: Shutting down and abandoning module MetalShaderFormat (117)
[2019.01.02-05.05.35:344][  4]LogModuleManager: Shutting down and abandoning module TextureFormatUncompressed (115)
[2019.01.02-05.05.35:344][  4]LogModuleManager: Shutting down and abandoning module TextureFormatPVR (113)
[2019.01.02-05.05.35:344][  4]LogModuleManager: Shutting down and abandoning module TextureFormatDXT (111)
[2019.01.02-05.05.35:344][  4]LogModuleManager: Shutting down and abandoning module TextureFormatIntelISPCTexComp (109)
[2019.01.02-05.05.35:344][  4]LogModuleManager: Shutting down and abandoning module TextureFormatASTC (107)
[2019.01.02-05.05.35:344][  4]LogModuleManager: Shutting down and abandoning module ImageWrapper (106)
[2019.01.02-05.05.35:344][  4]LogModuleManager: Shutting down and abandoning module TextureFormatAndroid (103)
[2019.01.02-05.05.35:344][  4]LogModuleManager: Shutting down and abandoning module AudioFormatOpus (101)
[2019.01.02-05.05.35:344][  4]LogModuleManager: Shutting down and abandoning module AudioFormatOgg (99)
[2019.01.02-05.05.35:345][  4]LogModuleManager: Shutting down and abandoning module AudioFormatADPCM (97)
[2019.01.02-05.05.35:345][  4]LogModuleManager: Shutting down and abandoning module WindowsTargetPlatform (95)
[2019.01.02-05.05.35:345][  4]LogModuleManager: Shutting down and abandoning module WindowsServerTargetPlatform (93)
[2019.01.02-05.05.35:345][  4]LogModuleManager: Shutting down and abandoning module WindowsNoEditorTargetPlatform (91)
[2019.01.02-05.05.35:345][  4]LogModuleManager: Shutting down and abandoning module WindowsClientTargetPlatform (89)
[2019.01.02-05.05.35:345][  4]LogModuleManager: Shutting down and abandoning module InputCore (86)
[2019.01.02-05.05.35:345][  4]LogModuleManager: Shutting down and abandoning module Settings (84)
[2019.01.02-05.05.35:345][  4]LogModuleManager: Shutting down and abandoning module PhysXCooking (82)
[2019.01.02-05.05.35:345][  4]LogModuleManager: Shutting down and abandoning module SteamVR (80)
[2019.01.02-05.05.35:345][  4]LogHMD: Freeing OpenVRDLLHandle.
[2019.01.02-05.05.35:345][  4]LogModuleManager: Shutting down and abandoning module OculusHMD (78)
[2019.01.02-05.05.35:345][  4]LogModuleManager: Shutting down and abandoning module ExampleDeviceProfileSelector (76)
[2019.01.02-05.05.35:345][  4]LogModuleManager: Shutting down and abandoning module LauncherChunkInstaller (74)
[2019.01.02-05.05.35:345][  4]LogModuleManager: Shutting down and abandoning module OnlineBlueprintSupport (72)
[2019.01.02-05.05.35:345][  4]LogModuleManager: Shutting down and abandoning module OnlineSubsystem (68)
[2019.01.02-05.05.35:345][  4]LogOnline: Display: STEAM: OnlineSubsystemSteam::Shutdown()
[2019.01.02-05.05.35:346][  4]LogOnline: STEAM: AUTH: Revoking all tickets.
[2019.01.02-05.05.35:379][  4]LogOnline: Display: STEAM: OnlineSubsystemSteam::Shutdown()
[2019.01.02-05.05.35:379][  4]LogModuleManager: Shutting down and abandoning module XMPP (63)
[2019.01.02-05.05.35:379][  4]LogModuleManager: Shutting down and abandoning module WebSockets (62)
[2019.01.02-05.05.35:398][  4]LogModuleManager: Shutting down and abandoning module HTTP (59)
[2019.01.02-05.05.35:401][  4]LogModuleManager: Shutting down and abandoning module SSL (58)
[2019.01.02-05.05.35:403][  4]LogModuleManager: Shutting down and abandoning module MagicLeapIdentity (54)
[2019.01.02-05.05.35:403][  4]LogModuleManager: Shutting down and abandoning module MagicLeapHelperVulkan (52)
[2019.01.02-05.05.35:403][  4]LogModuleManager: Shutting down and abandoning module MagicLeapHelperOpenGL (50)
[2019.01.02-05.05.35:403][  4]LogModuleManager: Shutting down and abandoning module MagicLeapSecureStorage (48)
[2019.01.02-05.05.35:403][  4]LogModuleManager: Shutting down and abandoning module MagicLeapHandTracking (46)
[2019.01.02-05.05.35:403][  4]LogModuleManager: Shutting down and abandoning module MagicLeapEyeTracker (44)
[2019.01.02-05.05.35:403][  4]LogModuleManager: Shutting down and abandoning module MagicLeapController (42)
[2019.01.02-05.05.35:404][  4]LogSlate: Slate User Destroyed.  User Index 0, Is Virtual User: 0
[2019.01.02-05.05.35:404][  4]LogModuleManager: Shutting down and abandoning module MagicLeap (40)
[2019.01.02-05.05.35:404][  4]LogModuleManager: Shutting down and abandoning module DatasmithContent (38)
[2019.01.02-05.05.35:404][  4]LogModuleManager: Shutting down and abandoning module AnimationModifiers (36)
[2019.01.02-05.05.35:405][  4]LogModuleManager: Shutting down and abandoning module PropertyEditor (35)
[2019.01.02-05.05.35:405][  4]LogModuleManager: Shutting down and abandoning module AudioEditor (32)
[2019.01.02-05.05.35:405][  4]LogModuleManager: Shutting down and abandoning module TextureCompressor (30)
[2019.01.02-05.05.35:405][  4]LogModuleManager: Shutting down and abandoning module ShaderCore (28)
[2019.01.02-05.05.35:405][  4]LogModuleManager: Shutting down and abandoning module Landscape (26)
[2019.01.02-05.05.35:405][  4]LogModuleManager: Shutting down and abandoning module SlateRHIRenderer (24)
[2019.01.02-05.05.35:405][  4]LogModuleManager: Shutting down and abandoning module OpenGLDrv (22)
[2019.01.02-05.05.35:405][  4]LogModuleManager: Shutting down and abandoning module D3D11RHI (20)
[2019.01.02-05.05.35:405][  4]LogModuleManager: Shutting down and abandoning module AnimGraphRuntime (18)
[2019.01.02-05.05.35:405][  4]LogModuleManager: Shutting down and abandoning module Renderer (16)
[2019.01.02-05.05.35:405][  4]LogModuleManager: Shutting down and abandoning module Engine (14)
[2019.01.02-05.05.35:405][  4]LogModuleManager: Shutting down and abandoning module CoreUObject (12)
[2019.01.02-05.05.35:405][  4]LogModuleManager: Shutting down and abandoning module NetworkFile (10)
[2019.01.02-05.05.35:405][  4]LogModuleManager: Shutting down and abandoning module CookedIterativeFile (8)
[2019.01.02-05.05.35:405][  4]LogModuleManager: Shutting down and abandoning module StreamingFile (6)
[2019.01.02-05.05.35:405][  4]LogModuleManager: Shutting down and abandoning module SandboxFile (4)
[2019.01.02-05.05.35:405][  4]LogModuleManager: Shutting down and abandoning module PakFile (2)
[2019.01.02-05.05.35:413][  4]LogExit: Exiting.
[2019.01.02-05.05.35:424][  4]Log file closed, 01/02/19 06:05:35
